2018-10-25 17:56:37.162  INFO 8240 --- [           main] com.caodaxing.ConsumerApplication        : Starting ConsumerApplication on EDZ-20171124WCV with PID 8240 (D:\mavenproject\rabbitmq-example\consumer\target\classes started by Administrator in D:\mavenproject\rabbitmq-example\consumer)
2018-10-25 17:56:37.167  INFO 8240 --- [           main] com.caodaxing.ConsumerApplication        : No active profile set, falling back to default profiles: default
2018-10-25 17:56:37.266  INFO 8240 --- [           main] ConfigServletWebServerApplicationContext : Refreshing org.springframework.boot.web.servlet.context.AnnotationConfigServletWebServerApplicationContext@7922d892: startup date [Thu Oct 25 17:56:37 CST 2018]; root of context hierarchy
2018-10-25 17:56:38.948  INFO 8240 --- [           main] trationDelegate$BeanPostProcessorChecker : Bean 'org.springframework.amqp.rabbit.annotation.RabbitBootstrapConfiguration' of type [org.springframework.amqp.rabbit.annotation.RabbitBootstrapConfiguration$$EnhancerBySpringCGLIB$$e4b535a1] is not eligible for getting processed by all BeanPostProcessors (for example: not eligible for auto-proxying)
2018-10-25 17:56:40.391  INFO 8240 --- [           main] o.s.b.w.embedded.tomcat.TomcatWebServer  : Tomcat initialized with port(s): 8081 (http)
2018-10-25 17:56:40.438  INFO 8240 --- [           main] o.apache.catalina.core.StandardService   : Starting service [Tomcat]
2018-10-25 17:56:40.438  INFO 8240 --- [           main] org.apache.catalina.core.StandardEngine  : Starting Servlet Engine: Apache Tomcat/8.5.34
2018-10-25 17:56:40.453  INFO 8240 --- [ost-startStop-1] o.a.catalina.core.AprLifecycleListener   : The APR based Apache Tomcat Native library which allows optimal performance in production environments was not found on the java.library.path: [C:\Program Files\Java\jdk1.8.0_131\bin;C:\WINDOWS\Sun\Java\bin;C:\WINDOWS\system32;C:\WINDOWS;C:\Program Files\Java\jdk1.8.0_131\jre\bin;C:/Program Files/Java/jre1.8.0_131/bin/server;C:/Program Files/Java/jre1.8.0_131/bin;C:/Program Files/Java/jre1.8.0_131/lib/amd64;D:\Python\Scripts\;D:\Python\;C:\ProgramData\Oracle\Java\javapath;C:\Program Files (x86)\Intel\iCLS Client\;C:\Program Files\Intel\iCLS Client\;C:\WINDOWS\system32;C:\WINDOWS;C:\WINDOWS\System32\Wbem;C:\WINDOWS\System32\WindowsPowerShell\v1.0\;C:\Program Files (x86)\Intel\Intel(R) Management Engine Components\DAL;C:\Program Files\Intel\Intel(R) Management Engine Components\DAL;C:\Program Files (x86)\Intel\Intel(R) Management Engine Components\IPT;C:\Program Files\Intel\Intel(R) Management Engine Components\IPT;C:\Program Files\Java\jdk1.7.0_67\bin;C:\Program Files\Java\jdk1.7.0_67\jre\bin;C:\Program Files\Git\cmd;C:\Program Files\TortoiseGit\bin;C:\Program Files\maven\apache-maven-3.3.9\bin;C:\Program Files\Java\groovy-2.4.14\bin;D:\node\;C:\WINDOWS\System32\OpenSSH\;D:\fiddler;C:\Users\Administrator\AppData\Roaming\npm;D:\visual\Microsoft VS Code\bin;C:\Users\Administrator\AppData\Local\Microsoft\WindowsApps;;D:\eclipse\eclipse;;.]
2018-10-25 17:56:40.677  INFO 8240 --- [ost-startStop-1] o.a.c.c.C.[Tomcat].[localhost].[/]       : Initializing Spring embedded WebApplicationContext
2018-10-25 17:56:40.677  INFO 8240 --- [ost-startStop-1] o.s.web.context.ContextLoader            : Root WebApplicationContext: initialization completed in 3411 ms
2018-10-25 17:56:40.836  INFO 8240 --- [ost-startStop-1] o.s.b.w.servlet.ServletRegistrationBean  : Servlet dispatcherServlet mapped to [/]
2018-10-25 17:56:40.844  INFO 8240 --- [ost-startStop-1] o.s.b.w.servlet.FilterRegistrationBean   : Mapping filter: 'characterEncodingFilter' to: [/*]
2018-10-25 17:56:40.845  INFO 8240 --- [ost-startStop-1] o.s.b.w.servlet.FilterRegistrationBean   : Mapping filter: 'hiddenHttpMethodFilter' to: [/*]
2018-10-25 17:56:40.846  INFO 8240 --- [ost-startStop-1] o.s.b.w.servlet.FilterRegistrationBean   : Mapping filter: 'httpPutFormContentFilter' to: [/*]
2018-10-25 17:56:40.847  INFO 8240 --- [ost-startStop-1] o.s.b.w.servlet.FilterRegistrationBean   : Mapping filter: 'requestContextFilter' to: [/*]
2018-10-25 17:56:41.239  INFO 8240 --- [           main] o.s.w.s.handler.SimpleUrlHandlerMapping  : Mapped URL path [/**/favicon.ico] onto handler of type [class org.springframework.web.servlet.resource.ResourceHttpRequestHandler]
2018-10-25 17:56:41.696  INFO 8240 --- [           main] s.w.s.m.m.a.RequestMappingHandlerAdapter : Looking for @ControllerAdvice: org.springframework.boot.web.servlet.context.AnnotationConfigServletWebServerApplicationContext@7922d892: startup date [Thu Oct 25 17:56:37 CST 2018]; root of context hierarchy
2018-10-25 17:56:41.986  INFO 8240 --- [           main] s.w.s.m.m.a.RequestMappingHandlerMapping : Mapped "{[/error]}" onto public org.springframework.http.ResponseEntity<java.util.Map<java.lang.String, java.lang.Object>> org.springframework.boot.autoconfigure.web.servlet.error.BasicErrorController.error(javax.servlet.http.HttpServletRequest)
2018-10-25 17:56:41.989  INFO 8240 --- [           main] s.w.s.m.m.a.RequestMappingHandlerMapping : Mapped "{[/error],produces=[text/html]}" onto public org.springframework.web.servlet.ModelAndView org.springframework.boot.autoconfigure.web.servlet.error.BasicErrorController.errorHtml(javax.servlet.http.HttpServletRequest,javax.servlet.http.HttpServletResponse)
2018-10-25 17:56:42.055  INFO 8240 --- [           main] o.s.w.s.handler.SimpleUrlHandlerMapping  : Mapped URL path [/webjars/**] onto handler of type [class org.springframework.web.servlet.resource.ResourceHttpRequestHandler]
2018-10-25 17:56:42.056  INFO 8240 --- [           main] o.s.w.s.handler.SimpleUrlHandlerMapping  : Mapped URL path [/**] onto handler of type [class org.springframework.web.servlet.resource.ResourceHttpRequestHandler]
2018-10-25 17:56:43.434  INFO 8240 --- [           main] o.s.j.e.a.AnnotationMBeanExporter        : Registering beans for JMX exposure on startup
2018-10-25 17:56:43.457  INFO 8240 --- [           main] o.s.j.e.a.AnnotationMBeanExporter        : Bean with name 'rabbitConnectionFactory' has been autodetected for JMX exposure
2018-10-25 17:56:43.469  INFO 8240 --- [           main] o.s.j.e.a.AnnotationMBeanExporter        : Located managed bean 'rabbitConnectionFactory': registering with JMX server as MBean [org.springframework.amqp.rabbit.connection:name=rabbitConnectionFactory,type=CachingConnectionFactory]
2018-10-25 17:56:43.611  INFO 8240 --- [           main] o.s.c.support.DefaultLifecycleProcessor  : Starting beans in phase 2147483647
2018-10-25 17:56:43.645  INFO 8240 --- [cTaskExecutor-1] o.s.a.r.c.CachingConnectionFactory       : Attempting to connect to: [172.16.12.250:5672]
2018-10-25 17:56:43.813  INFO 8240 --- [cTaskExecutor-1] o.s.a.r.c.CachingConnectionFactory       : Created new connection: rabbitConnectionFactory#6192a5d5:0/SimpleConnection@13e6cdca [delegate=amqp://guest@172.16.12.250:5672/, localPort= 61873]
2018-10-25 17:56:44.045  INFO 8240 --- [           main] o.s.b.w.embedded.tomcat.TomcatWebServer  : Tomcat started on port(s): 8081 (http) with context path ''
2018-10-25 17:56:44.054  INFO 8240 --- [           main] com.caodaxing.ConsumerApplication        : Started ConsumerApplication in 13.946 seconds (JVM running for 14.641)
2018-10-25 17:57:08.297  INFO 8240 --- [cTaskExecutor-7] com.caodaxing.receiver.ReceiverMessage   : 这是一个日志...
2018-10-25 18:01:45.601  INFO 3408 --- [           main] com.caodaxing.ConsumerApplication        : Starting ConsumerApplication on EDZ-20171124WCV with PID 3408 (D:\mavenproject\rabbitmq-example\consumer\target\classes started by Administrator in D:\mavenproject\rabbitmq-example\consumer)
2018-10-25 18:01:45.607  INFO 3408 --- [           main] com.caodaxing.ConsumerApplication        : No active profile set, falling back to default profiles: default
2018-10-25 18:01:45.702  INFO 3408 --- [           main] ConfigServletWebServerApplicationContext : Refreshing org.springframework.boot.web.servlet.context.AnnotationConfigServletWebServerApplicationContext@4802796d: startup date [Thu Oct 25 18:01:45 CST 2018]; root of context hierarchy
2018-10-25 18:01:47.444  INFO 3408 --- [           main] trationDelegate$BeanPostProcessorChecker : Bean 'org.springframework.amqp.rabbit.annotation.RabbitBootstrapConfiguration' of type [org.springframework.amqp.rabbit.annotation.RabbitBootstrapConfiguration$$EnhancerBySpringCGLIB$$59aee5d3] is not eligible for getting processed by all BeanPostProcessors (for example: not eligible for auto-proxying)
2018-10-25 18:01:48.496  INFO 3408 --- [           main] o.s.b.w.embedded.tomcat.TomcatWebServer  : Tomcat initialized with port(s): 8081 (http)
2018-10-25 18:01:48.551  INFO 3408 --- [           main] o.apache.catalina.core.StandardService   : Starting service [Tomcat]
2018-10-25 18:01:48.552  INFO 3408 --- [           main] org.apache.catalina.core.StandardEngine  : Starting Servlet Engine: Apache Tomcat/8.5.34
2018-10-25 18:01:48.564  INFO 3408 --- [ost-startStop-1] o.a.catalina.core.AprLifecycleListener   : The APR based Apache Tomcat Native library which allows optimal performance in production environments was not found on the java.library.path: [C:\Program Files\Java\jdk1.8.0_131\bin;C:\WINDOWS\Sun\Java\bin;C:\WINDOWS\system32;C:\WINDOWS;C:/Program Files/Java/jre1.8.0_131/bin/server;C:/Program Files/Java/jre1.8.0_131/bin;C:/Program Files/Java/jre1.8.0_131/lib/amd64;D:\Python\Scripts\;D:\Python\;C:\ProgramData\Oracle\Java\javapath;C:\Program Files (x86)\Intel\iCLS Client\;C:\Program Files\Intel\iCLS Client\;C:\WINDOWS\system32;C:\WINDOWS;C:\WINDOWS\System32\Wbem;C:\WINDOWS\System32\WindowsPowerShell\v1.0\;C:\Program Files (x86)\Intel\Intel(R) Management Engine Components\DAL;C:\Program Files\Intel\Intel(R) Management Engine Components\DAL;C:\Program Files (x86)\Intel\Intel(R) Management Engine Components\IPT;C:\Program Files\Intel\Intel(R) Management Engine Components\IPT;C:\Program Files\Java\jdk1.7.0_67\bin;C:\Program Files\Java\jdk1.7.0_67\jre\bin;C:\Program Files\Git\cmd;C:\Program Files\TortoiseGit\bin;C:\Program Files\maven\apache-maven-3.3.9\bin;C:\Program Files\Java\groovy-2.4.14\bin;D:\node\;C:\WINDOWS\System32\OpenSSH\;D:\fiddler;C:\Users\Administrator\AppData\Roaming\npm;D:\visual\Microsoft VS Code\bin;C:\Users\Administrator\AppData\Local\Microsoft\WindowsApps;;D:\eclipse\eclipse;;.]
2018-10-25 18:01:48.732  INFO 3408 --- [ost-startStop-1] o.a.c.c.C.[Tomcat].[localhost].[/]       : Initializing Spring embedded WebApplicationContext
2018-10-25 18:01:48.733  INFO 3408 --- [ost-startStop-1] o.s.web.context.ContextLoader            : Root WebApplicationContext: initialization completed in 3031 ms
2018-10-25 18:01:48.841  INFO 3408 --- [ost-startStop-1] o.s.b.w.servlet.ServletRegistrationBean  : Servlet dispatcherServlet mapped to [/]
2018-10-25 18:01:48.849  INFO 3408 --- [ost-startStop-1] o.s.b.w.servlet.FilterRegistrationBean   : Mapping filter: 'characterEncodingFilter' to: [/*]
2018-10-25 18:01:48.850  INFO 3408 --- [ost-startStop-1] o.s.b.w.servlet.FilterRegistrationBean   : Mapping filter: 'hiddenHttpMethodFilter' to: [/*]
2018-10-25 18:01:48.851  INFO 3408 --- [ost-startStop-1] o.s.b.w.servlet.FilterRegistrationBean   : Mapping filter: 'httpPutFormContentFilter' to: [/*]
2018-10-25 18:01:48.854  INFO 3408 --- [ost-startStop-1] o.s.b.w.servlet.FilterRegistrationBean   : Mapping filter: 'requestContextFilter' to: [/*]
2018-10-25 18:01:49.139  INFO 3408 --- [           main] o.s.w.s.handler.SimpleUrlHandlerMapping  : Mapped URL path [/**/favicon.ico] onto handler of type [class org.springframework.web.servlet.resource.ResourceHttpRequestHandler]
2018-10-25 18:01:49.432  INFO 3408 --- [           main] s.w.s.m.m.a.RequestMappingHandlerAdapter : Looking for @ControllerAdvice: org.springframework.boot.web.servlet.context.AnnotationConfigServletWebServerApplicationContext@4802796d: startup date [Thu Oct 25 18:01:45 CST 2018]; root of context hierarchy
2018-10-25 18:01:49.641  INFO 3408 --- [           main] s.w.s.m.m.a.RequestMappingHandlerMapping : Mapped "{[/error]}" onto public org.springframework.http.ResponseEntity<java.util.Map<java.lang.String, java.lang.Object>> org.springframework.boot.autoconfigure.web.servlet.error.BasicErrorController.error(javax.servlet.http.HttpServletRequest)
2018-10-25 18:01:49.644  INFO 3408 --- [           main] s.w.s.m.m.a.RequestMappingHandlerMapping : Mapped "{[/error],produces=[text/html]}" onto public org.springframework.web.servlet.ModelAndView org.springframework.boot.autoconfigure.web.servlet.error.BasicErrorController.errorHtml(javax.servlet.http.HttpServletRequest,javax.servlet.http.HttpServletResponse)
2018-10-25 18:01:49.703  INFO 3408 --- [           main] o.s.w.s.handler.SimpleUrlHandlerMapping  : Mapped URL path [/webjars/**] onto handler of type [class org.springframework.web.servlet.resource.ResourceHttpRequestHandler]
2018-10-25 18:01:49.704  INFO 3408 --- [           main] o.s.w.s.handler.SimpleUrlHandlerMapping  : Mapped URL path [/**] onto handler of type [class org.springframework.web.servlet.resource.ResourceHttpRequestHandler]
2018-10-25 18:01:50.419  INFO 3408 --- [           main] o.s.j.e.a.AnnotationMBeanExporter        : Registering beans for JMX exposure on startup
2018-10-25 18:01:50.433  INFO 3408 --- [           main] o.s.j.e.a.AnnotationMBeanExporter        : Bean with name 'rabbitConnectionFactory' has been autodetected for JMX exposure
2018-10-25 18:01:50.441  INFO 3408 --- [           main] o.s.j.e.a.AnnotationMBeanExporter        : Located managed bean 'rabbitConnectionFactory': registering with JMX server as MBean [org.springframework.amqp.rabbit.connection:name=rabbitConnectionFactory,type=CachingConnectionFactory]
2018-10-25 18:01:50.510  INFO 3408 --- [           main] o.s.c.support.DefaultLifecycleProcessor  : Starting beans in phase 2147483647
2018-10-25 18:01:50.526  INFO 3408 --- [cTaskExecutor-1] o.s.a.r.c.CachingConnectionFactory       : Attempting to connect to: [172.16.12.250:5672]
2018-10-25 18:01:50.614  INFO 3408 --- [cTaskExecutor-1] o.s.a.r.c.CachingConnectionFactory       : Created new connection: rabbitConnectionFactory#2d66530f:0/SimpleConnection@5a751772 [delegate=amqp://guest@172.16.12.250:5672/, localPort= 64341]
2018-10-25 18:01:50.774  INFO 3408 --- [           main] o.s.b.w.embedded.tomcat.TomcatWebServer  : Tomcat started on port(s): 8081 (http) with context path ''
2018-10-25 18:01:50.781  INFO 3408 --- [           main] com.caodaxing.ConsumerApplication        : Started ConsumerApplication in 6.033 seconds (JVM running for 6.718)
2018-10-25 18:02:56.021  INFO 3408 --- [cTaskExecutor-5] com.caodaxing.receiver.ReceiverMessage   : 这是一个日志...
2018-10-25 18:13:23.878  INFO 8524 --- [           main] com.caodaxing.ConsumerApplication        : Starting ConsumerApplication on EDZ-20171124WCV with PID 8524 (D:\mavenproject\rabbitmq-example\consumer\target\classes started by Administrator in D:\mavenproject\rabbitmq-example\consumer)
2018-10-25 18:13:23.895  INFO 8524 --- [           main] com.caodaxing.ConsumerApplication        : No active profile set, falling back to default profiles: default
2018-10-25 18:13:24.010  INFO 8524 --- [           main] ConfigServletWebServerApplicationContext : Refreshing org.springframework.boot.web.servlet.context.AnnotationConfigServletWebServerApplicationContext@576f63f6: startup date [Thu Oct 25 18:13:24 CST 2018]; root of context hierarchy
2018-10-25 18:13:25.918  INFO 8524 --- [           main] trationDelegate$BeanPostProcessorChecker : Bean 'org.springframework.amqp.rabbit.annotation.RabbitBootstrapConfiguration' of type [org.springframework.amqp.rabbit.annotation.RabbitBootstrapConfiguration$$EnhancerBySpringCGLIB$$2a56293b] is not eligible for getting processed by all BeanPostProcessors (for example: not eligible for auto-proxying)
2018-10-25 18:13:27.640  INFO 8524 --- [           main] o.s.b.w.embedded.tomcat.TomcatWebServer  : Tomcat initialized with port(s): 8081 (http)
2018-10-25 18:13:27.703  INFO 8524 --- [           main] o.apache.catalina.core.StandardService   : Starting service [Tomcat]
2018-10-25 18:13:27.703  INFO 8524 --- [           main] org.apache.catalina.core.StandardEngine  : Starting Servlet Engine: Apache Tomcat/8.5.34
2018-10-25 18:13:27.717  INFO 8524 --- [ost-startStop-1] o.a.catalina.core.AprLifecycleListener   : The APR based Apache Tomcat Native library which allows optimal performance in production environments was not found on the java.library.path: [C:\Program Files\Java\jdk1.8.0_131\bin;C:\WINDOWS\Sun\Java\bin;C:\WINDOWS\system32;C:\WINDOWS;C:\Program Files\Java\jdk1.8.0_131\jre\bin;C:/Program Files/Java/jre1.8.0_131/bin/server;C:/Program Files/Java/jre1.8.0_131/bin;C:/Program Files/Java/jre1.8.0_131/lib/amd64;D:\Python\Scripts\;D:\Python\;C:\ProgramData\Oracle\Java\javapath;C:\Program Files (x86)\Intel\iCLS Client\;C:\Program Files\Intel\iCLS Client\;C:\WINDOWS\system32;C:\WINDOWS;C:\WINDOWS\System32\Wbem;C:\WINDOWS\System32\WindowsPowerShell\v1.0\;C:\Program Files (x86)\Intel\Intel(R) Management Engine Components\DAL;C:\Program Files\Intel\Intel(R) Management Engine Components\DAL;C:\Program Files (x86)\Intel\Intel(R) Management Engine Components\IPT;C:\Program Files\Intel\Intel(R) Management Engine Components\IPT;C:\Program Files\Java\jdk1.7.0_67\bin;C:\Program Files\Java\jdk1.7.0_67\jre\bin;C:\Program Files\Git\cmd;C:\Program Files\TortoiseGit\bin;C:\Program Files\maven\apache-maven-3.3.9\bin;C:\Program Files\Java\groovy-2.4.14\bin;D:\node\;C:\WINDOWS\System32\OpenSSH\;D:\fiddler;C:\Users\Administrator\AppData\Roaming\npm;D:\visual\Microsoft VS Code\bin;C:\Users\Administrator\AppData\Local\Microsoft\WindowsApps;;D:\eclipse\eclipse;;.]
2018-10-25 18:13:27.914  INFO 8524 --- [ost-startStop-1] o.a.c.c.C.[Tomcat].[localhost].[/]       : Initializing Spring embedded WebApplicationContext
2018-10-25 18:13:27.915  INFO 8524 --- [ost-startStop-1] o.s.web.context.ContextLoader            : Root WebApplicationContext: initialization completed in 3905 ms
2018-10-25 18:13:28.118  INFO 8524 --- [ost-startStop-1] o.s.b.w.servlet.ServletRegistrationBean  : Servlet dispatcherServlet mapped to [/]
2018-10-25 18:13:28.127  INFO 8524 --- [ost-startStop-1] o.s.b.w.servlet.FilterRegistrationBean   : Mapping filter: 'characterEncodingFilter' to: [/*]
2018-10-25 18:13:28.129  INFO 8524 --- [ost-startStop-1] o.s.b.w.servlet.FilterRegistrationBean   : Mapping filter: 'hiddenHttpMethodFilter' to: [/*]
2018-10-25 18:13:28.131  INFO 8524 --- [ost-startStop-1] o.s.b.w.servlet.FilterRegistrationBean   : Mapping filter: 'httpPutFormContentFilter' to: [/*]
2018-10-25 18:13:28.133  INFO 8524 --- [ost-startStop-1] o.s.b.w.servlet.FilterRegistrationBean   : Mapping filter: 'requestContextFilter' to: [/*]
2018-10-25 18:13:28.433  INFO 8524 --- [           main] o.s.w.s.handler.SimpleUrlHandlerMapping  : Mapped URL path [/**/favicon.ico] onto handler of type [class org.springframework.web.servlet.resource.ResourceHttpRequestHandler]
2018-10-25 18:13:28.888  INFO 8524 --- [           main] s.w.s.m.m.a.RequestMappingHandlerAdapter : Looking for @ControllerAdvice: org.springframework.boot.web.servlet.context.AnnotationConfigServletWebServerApplicationContext@576f63f6: startup date [Thu Oct 25 18:13:24 CST 2018]; root of context hierarchy
2018-10-25 18:13:29.213  INFO 8524 --- [           main] s.w.s.m.m.a.RequestMappingHandlerMapping : Mapped "{[/error]}" onto public org.springframework.http.ResponseEntity<java.util.Map<java.lang.String, java.lang.Object>> org.springframework.boot.autoconfigure.web.servlet.error.BasicErrorController.error(javax.servlet.http.HttpServletRequest)
2018-10-25 18:13:29.220  INFO 8524 --- [           main] s.w.s.m.m.a.RequestMappingHandlerMapping : Mapped "{[/error],produces=[text/html]}" onto public org.springframework.web.servlet.ModelAndView org.springframework.boot.autoconfigure.web.servlet.error.BasicErrorController.errorHtml(javax.servlet.http.HttpServletRequest,javax.servlet.http.HttpServletResponse)
2018-10-25 18:13:29.307  INFO 8524 --- [           main] o.s.w.s.handler.SimpleUrlHandlerMapping  : Mapped URL path [/webjars/**] onto handler of type [class org.springframework.web.servlet.resource.ResourceHttpRequestHandler]
2018-10-25 18:13:29.308  INFO 8524 --- [           main] o.s.w.s.handler.SimpleUrlHandlerMapping  : Mapped URL path [/**] onto handler of type [class org.springframework.web.servlet.resource.ResourceHttpRequestHandler]
2018-10-25 18:13:30.146  INFO 8524 --- [           main] o.s.j.e.a.AnnotationMBeanExporter        : Registering beans for JMX exposure on startup
2018-10-25 18:13:30.176  INFO 8524 --- [           main] o.s.j.e.a.AnnotationMBeanExporter        : Bean with name 'rabbitConnectionFactory' has been autodetected for JMX exposure
2018-10-25 18:13:30.189  INFO 8524 --- [           main] o.s.j.e.a.AnnotationMBeanExporter        : Located managed bean 'rabbitConnectionFactory': registering with JMX server as MBean [org.springframework.amqp.rabbit.connection:name=rabbitConnectionFactory,type=CachingConnectionFactory]
2018-10-25 18:13:30.311  INFO 8524 --- [           main] o.s.c.support.DefaultLifecycleProcessor  : Starting beans in phase 2147483647
2018-10-25 18:13:30.341  INFO 8524 --- [cTaskExecutor-1] o.s.a.r.c.CachingConnectionFactory       : Attempting to connect to: [172.16.12.250:5672]
2018-10-25 18:13:30.507  INFO 8524 --- [cTaskExecutor-1] o.s.a.r.c.CachingConnectionFactory       : Created new connection: rabbitConnectionFactory#5740ff5e:0/SimpleConnection@7d09bd6b [delegate=amqp://guest@172.16.12.250:5672/, localPort= 53743]
2018-10-25 18:13:30.717  INFO 8524 --- [           main] o.s.b.w.embedded.tomcat.TomcatWebServer  : Tomcat started on port(s): 8081 (http) with context path ''
2018-10-25 18:13:30.723  INFO 8524 --- [           main] com.caodaxing.ConsumerApplication        : Started ConsumerApplication in 7.812 seconds (JVM running for 8.505)
2018-10-25 18:13:46.541  INFO 8524 --- [cTaskExecutor-5] com.caodaxing.receiver.ReceiverMessage   : 这是一个日志...
2018-10-25 18:15:24.476  INFO 8524 --- [cTaskExecutor-6] com.caodaxing.receiver.ReceiverMessage   : 这是一个日志...
2018-10-25 18:15:57.543  INFO 2392 --- [           main] com.caodaxing.ConsumerApplication        : Starting ConsumerApplication on EDZ-20171124WCV with PID 2392 (D:\mavenproject\rabbitmq-example\consumer\target\classes started by Administrator in D:\mavenproject\rabbitmq-example\consumer)
2018-10-25 18:15:57.553  INFO 2392 --- [           main] com.caodaxing.ConsumerApplication        : No active profile set, falling back to default profiles: default
2018-10-25 18:15:57.654  INFO 2392 --- [           main] ConfigServletWebServerApplicationContext : Refreshing org.springframework.boot.web.servlet.context.AnnotationConfigServletWebServerApplicationContext@7b98f307: startup date [Thu Oct 25 18:15:57 CST 2018]; root of context hierarchy
2018-10-25 18:15:59.300  INFO 2392 --- [           main] trationDelegate$BeanPostProcessorChecker : Bean 'org.springframework.amqp.rabbit.annotation.RabbitBootstrapConfiguration' of type [org.springframework.amqp.rabbit.annotation.RabbitBootstrapConfiguration$$EnhancerBySpringCGLIB$$2611e083] is not eligible for getting processed by all BeanPostProcessors (for example: not eligible for auto-proxying)
2018-10-25 18:16:00.367  INFO 2392 --- [           main] o.s.b.w.embedded.tomcat.TomcatWebServer  : Tomcat initialized with port(s): 8081 (http)
2018-10-25 18:16:00.409  INFO 2392 --- [           main] o.apache.catalina.core.StandardService   : Starting service [Tomcat]
2018-10-25 18:16:00.409  INFO 2392 --- [           main] org.apache.catalina.core.StandardEngine  : Starting Servlet Engine: Apache Tomcat/8.5.34
2018-10-25 18:16:00.423  INFO 2392 --- [ost-startStop-1] o.a.catalina.core.AprLifecycleListener   : The APR based Apache Tomcat Native library which allows optimal performance in production environments was not found on the java.library.path: [C:\Program Files\Java\jdk1.8.0_131\bin;C:\WINDOWS\Sun\Java\bin;C:\WINDOWS\system32;C:\WINDOWS;C:/Program Files/Java/jre1.8.0_131/bin/server;C:/Program Files/Java/jre1.8.0_131/bin;C:/Program Files/Java/jre1.8.0_131/lib/amd64;D:\Python\Scripts\;D:\Python\;C:\ProgramData\Oracle\Java\javapath;C:\Program Files (x86)\Intel\iCLS Client\;C:\Program Files\Intel\iCLS Client\;C:\WINDOWS\system32;C:\WINDOWS;C:\WINDOWS\System32\Wbem;C:\WINDOWS\System32\WindowsPowerShell\v1.0\;C:\Program Files (x86)\Intel\Intel(R) Management Engine Components\DAL;C:\Program Files\Intel\Intel(R) Management Engine Components\DAL;C:\Program Files (x86)\Intel\Intel(R) Management Engine Components\IPT;C:\Program Files\Intel\Intel(R) Management Engine Components\IPT;C:\Program Files\Java\jdk1.7.0_67\bin;C:\Program Files\Java\jdk1.7.0_67\jre\bin;C:\Program Files\Git\cmd;C:\Program Files\TortoiseGit\bin;C:\Program Files\maven\apache-maven-3.3.9\bin;C:\Program Files\Java\groovy-2.4.14\bin;D:\node\;C:\WINDOWS\System32\OpenSSH\;D:\fiddler;C:\Users\Administrator\AppData\Roaming\npm;D:\visual\Microsoft VS Code\bin;C:\Users\Administrator\AppData\Local\Microsoft\WindowsApps;;D:\eclipse\eclipse;;.]
2018-10-25 18:16:00.611  INFO 2392 --- [ost-startStop-1] o.a.c.c.C.[Tomcat].[localhost].[/]       : Initializing Spring embedded WebApplicationContext
2018-10-25 18:16:00.613  INFO 2392 --- [ost-startStop-1] o.s.web.context.ContextLoader            : Root WebApplicationContext: initialization completed in 2960 ms
2018-10-25 18:16:00.747  INFO 2392 --- [ost-startStop-1] o.s.b.w.servlet.ServletRegistrationBean  : Servlet dispatcherServlet mapped to [/]
2018-10-25 18:16:00.752  INFO 2392 --- [ost-startStop-1] o.s.b.w.servlet.FilterRegistrationBean   : Mapping filter: 'characterEncodingFilter' to: [/*]
2018-10-25 18:16:00.754  INFO 2392 --- [ost-startStop-1] o.s.b.w.servlet.FilterRegistrationBean   : Mapping filter: 'hiddenHttpMethodFilter' to: [/*]
2018-10-25 18:16:00.754  INFO 2392 --- [ost-startStop-1] o.s.b.w.servlet.FilterRegistrationBean   : Mapping filter: 'httpPutFormContentFilter' to: [/*]
2018-10-25 18:16:00.754  INFO 2392 --- [ost-startStop-1] o.s.b.w.servlet.FilterRegistrationBean   : Mapping filter: 'requestContextFilter' to: [/*]
2018-10-25 18:16:00.991  INFO 2392 --- [           main] o.s.w.s.handler.SimpleUrlHandlerMapping  : Mapped URL path [/**/favicon.ico] onto handler of type [class org.springframework.web.servlet.resource.ResourceHttpRequestHandler]
2018-10-25 18:16:01.367  INFO 2392 --- [           main] s.w.s.m.m.a.RequestMappingHandlerAdapter : Looking for @ControllerAdvice: org.springframework.boot.web.servlet.context.AnnotationConfigServletWebServerApplicationContext@7b98f307: startup date [Thu Oct 25 18:15:57 CST 2018]; root of context hierarchy
2018-10-25 18:16:01.622  INFO 2392 --- [           main] s.w.s.m.m.a.RequestMappingHandlerMapping : Mapped "{[/error]}" onto public org.springframework.http.ResponseEntity<java.util.Map<java.lang.String, java.lang.Object>> org.springframework.boot.autoconfigure.web.servlet.error.BasicErrorController.error(javax.servlet.http.HttpServletRequest)
2018-10-25 18:16:01.626  INFO 2392 --- [           main] s.w.s.m.m.a.RequestMappingHandlerMapping : Mapped "{[/error],produces=[text/html]}" onto public org.springframework.web.servlet.ModelAndView org.springframework.boot.autoconfigure.web.servlet.error.BasicErrorController.errorHtml(javax.servlet.http.HttpServletRequest,javax.servlet.http.HttpServletResponse)
2018-10-25 18:16:01.684  INFO 2392 --- [           main] o.s.w.s.handler.SimpleUrlHandlerMapping  : Mapped URL path [/webjars/**] onto handler of type [class org.springframework.web.servlet.resource.ResourceHttpRequestHandler]
2018-10-25 18:16:01.685  INFO 2392 --- [           main] o.s.w.s.handler.SimpleUrlHandlerMapping  : Mapped URL path [/**] onto handler of type [class org.springframework.web.servlet.resource.ResourceHttpRequestHandler]
2018-10-25 18:16:02.395  INFO 2392 --- [           main] o.s.j.e.a.AnnotationMBeanExporter        : Registering beans for JMX exposure on startup
2018-10-25 18:16:02.410  INFO 2392 --- [           main] o.s.j.e.a.AnnotationMBeanExporter        : Bean with name 'rabbitConnectionFactory' has been autodetected for JMX exposure
2018-10-25 18:16:02.417  INFO 2392 --- [           main] o.s.j.e.a.AnnotationMBeanExporter        : Located managed bean 'rabbitConnectionFactory': registering with JMX server as MBean [org.springframework.amqp.rabbit.connection:name=rabbitConnectionFactory,type=CachingConnectionFactory]
2018-10-25 18:16:02.482  INFO 2392 --- [           main] o.s.c.support.DefaultLifecycleProcessor  : Starting beans in phase 2147483647
2018-10-25 18:16:02.499  INFO 2392 --- [cTaskExecutor-1] o.s.a.r.c.CachingConnectionFactory       : Attempting to connect to: [172.16.12.250:5672]
2018-10-25 18:16:02.593  INFO 2392 --- [cTaskExecutor-1] o.s.a.r.c.CachingConnectionFactory       : Created new connection: rabbitConnectionFactory#1d207fad:0/SimpleConnection@529ae2c6 [delegate=amqp://guest@172.16.12.250:5672/, localPort= 54984]
2018-10-25 18:16:02.742  INFO 2392 --- [           main] o.s.b.w.embedded.tomcat.TomcatWebServer  : Tomcat started on port(s): 8081 (http) with context path ''
2018-10-25 18:16:02.749  INFO 2392 --- [           main] com.caodaxing.ConsumerApplication        : Started ConsumerApplication in 6.133 seconds (JVM running for 7.2)
2018-10-25 18:16:49.260  INFO 2392 --- [cTaskExecutor-6] com.caodaxing.receiver.ReceiverMessage   : 这是一个日志...
2018-10-25 18:27:15.862  INFO 2576 --- [           main] com.caodaxing.ConsumerApplication        : Starting ConsumerApplication on EDZ-20171124WCV with PID 2576 (D:\mavenproject\rabbitmq-example\consumer\target\classes started by Administrator in D:\mavenproject\rabbitmq-example\consumer)
2018-10-25 18:27:15.876  INFO 2576 --- [           main] com.caodaxing.ConsumerApplication        : No active profile set, falling back to default profiles: default
2018-10-25 18:27:16.002  INFO 2576 --- [           main] ConfigServletWebServerApplicationContext : Refreshing org.springframework.boot.web.servlet.context.AnnotationConfigServletWebServerApplicationContext@4802796d: startup date [Thu Oct 25 18:27:16 CST 2018]; root of context hierarchy
2018-10-25 18:27:17.766  INFO 2576 --- [           main] trationDelegate$BeanPostProcessorChecker : Bean 'org.springframework.amqp.rabbit.annotation.RabbitBootstrapConfiguration' of type [org.springframework.amqp.rabbit.annotation.RabbitBootstrapConfiguration$$EnhancerBySpringCGLIB$$e8ac9e09] is not eligible for getting processed by all BeanPostProcessors (for example: not eligible for auto-proxying)
2018-10-25 18:27:18.919  INFO 2576 --- [           main] o.s.b.w.embedded.tomcat.TomcatWebServer  : Tomcat initialized with port(s): 8081 (http)
2018-10-25 18:27:18.995  INFO 2576 --- [           main] o.apache.catalina.core.StandardService   : Starting service [Tomcat]
2018-10-25 18:27:18.997  INFO 2576 --- [           main] org.apache.catalina.core.StandardEngine  : Starting Servlet Engine: Apache Tomcat/8.5.34
2018-10-25 18:27:19.018  INFO 2576 --- [ost-startStop-1] o.a.catalina.core.AprLifecycleListener   : The APR based Apache Tomcat Native library which allows optimal performance in production environments was not found on the java.library.path: [C:\Program Files\Java\jdk1.8.0_131\bin;C:\WINDOWS\Sun\Java\bin;C:\WINDOWS\system32;C:\WINDOWS;C:/Program Files/Java/jre1.8.0_131/bin/server;C:/Program Files/Java/jre1.8.0_131/bin;C:/Program Files/Java/jre1.8.0_131/lib/amd64;D:\Python\Scripts\;D:\Python\;C:\ProgramData\Oracle\Java\javapath;C:\Program Files (x86)\Intel\iCLS Client\;C:\Program Files\Intel\iCLS Client\;C:\WINDOWS\system32;C:\WINDOWS;C:\WINDOWS\System32\Wbem;C:\WINDOWS\System32\WindowsPowerShell\v1.0\;C:\Program Files (x86)\Intel\Intel(R) Management Engine Components\DAL;C:\Program Files\Intel\Intel(R) Management Engine Components\DAL;C:\Program Files (x86)\Intel\Intel(R) Management Engine Components\IPT;C:\Program Files\Intel\Intel(R) Management Engine Components\IPT;C:\Program Files\Java\jdk1.7.0_67\bin;C:\Program Files\Java\jdk1.7.0_67\jre\bin;C:\Program Files\Git\cmd;C:\Program Files\TortoiseGit\bin;C:\Program Files\maven\apache-maven-3.3.9\bin;C:\Program Files\Java\groovy-2.4.14\bin;D:\node\;C:\WINDOWS\System32\OpenSSH\;D:\fiddler;C:\Users\Administrator\AppData\Roaming\npm;D:\visual\Microsoft VS Code\bin;C:\Users\Administrator\AppData\Local\Microsoft\WindowsApps;;D:\eclipse\eclipse;;.]
2018-10-25 18:27:19.282  INFO 2576 --- [ost-startStop-1] o.a.c.c.C.[Tomcat].[localhost].[/]       : Initializing Spring embedded WebApplicationContext
2018-10-25 18:27:19.284  INFO 2576 --- [ost-startStop-1] o.s.web.context.ContextLoader            : Root WebApplicationContext: initialization completed in 3282 ms
2018-10-25 18:27:19.441  INFO 2576 --- [ost-startStop-1] o.s.b.w.servlet.ServletRegistrationBean  : Servlet dispatcherServlet mapped to [/]
2018-10-25 18:27:19.450  INFO 2576 --- [ost-startStop-1] o.s.b.w.servlet.FilterRegistrationBean   : Mapping filter: 'characterEncodingFilter' to: [/*]
2018-10-25 18:27:19.452  INFO 2576 --- [ost-startStop-1] o.s.b.w.servlet.FilterRegistrationBean   : Mapping filter: 'hiddenHttpMethodFilter' to: [/*]
2018-10-25 18:27:19.454  INFO 2576 --- [ost-startStop-1] o.s.b.w.servlet.FilterRegistrationBean   : Mapping filter: 'httpPutFormContentFilter' to: [/*]
2018-10-25 18:27:19.470  INFO 2576 --- [ost-startStop-1] o.s.b.w.servlet.FilterRegistrationBean   : Mapping filter: 'requestContextFilter' to: [/*]
2018-10-25 18:27:19.741  INFO 2576 --- [           main] o.s.w.s.handler.SimpleUrlHandlerMapping  : Mapped URL path [/**/favicon.ico] onto handler of type [class org.springframework.web.servlet.resource.ResourceHttpRequestHandler]
2018-10-25 18:27:20.080  INFO 2576 --- [           main] s.w.s.m.m.a.RequestMappingHandlerAdapter : Looking for @ControllerAdvice: org.springframework.boot.web.servlet.context.AnnotationConfigServletWebServerApplicationContext@4802796d: startup date [Thu Oct 25 18:27:16 CST 2018]; root of context hierarchy
2018-10-25 18:27:20.409  INFO 2576 --- [           main] s.w.s.m.m.a.RequestMappingHandlerMapping : Mapped "{[/error]}" onto public org.springframework.http.ResponseEntity<java.util.Map<java.lang.String, java.lang.Object>> org.springframework.boot.autoconfigure.web.servlet.error.BasicErrorController.error(javax.servlet.http.HttpServletRequest)
2018-10-25 18:27:20.413  INFO 2576 --- [           main] s.w.s.m.m.a.RequestMappingHandlerMapping : Mapped "{[/error],produces=[text/html]}" onto public org.springframework.web.servlet.ModelAndView org.springframework.boot.autoconfigure.web.servlet.error.BasicErrorController.errorHtml(javax.servlet.http.HttpServletRequest,javax.servlet.http.HttpServletResponse)
2018-10-25 18:27:20.497  INFO 2576 --- [           main] o.s.w.s.handler.SimpleUrlHandlerMapping  : Mapped URL path [/webjars/**] onto handler of type [class org.springframework.web.servlet.resource.ResourceHttpRequestHandler]
2018-10-25 18:27:20.500  INFO 2576 --- [           main] o.s.w.s.handler.SimpleUrlHandlerMapping  : Mapped URL path [/**] onto handler of type [class org.springframework.web.servlet.resource.ResourceHttpRequestHandler]
2018-10-25 18:27:21.465  INFO 2576 --- [           main] o.s.j.e.a.AnnotationMBeanExporter        : Registering beans for JMX exposure on startup
2018-10-25 18:27:21.485  INFO 2576 --- [           main] o.s.j.e.a.AnnotationMBeanExporter        : Bean with name 'rabbitConnectionFactory' has been autodetected for JMX exposure
2018-10-25 18:27:21.498  INFO 2576 --- [           main] o.s.j.e.a.AnnotationMBeanExporter        : Located managed bean 'rabbitConnectionFactory': registering with JMX server as MBean [org.springframework.amqp.rabbit.connection:name=rabbitConnectionFactory,type=CachingConnectionFactory]
2018-10-25 18:27:21.582  INFO 2576 --- [           main] o.s.c.support.DefaultLifecycleProcessor  : Starting beans in phase 2147483647
2018-10-25 18:27:21.599  INFO 2576 --- [cTaskExecutor-1] o.s.a.r.c.CachingConnectionFactory       : Attempting to connect to: [172.16.12.250:5672]
2018-10-25 18:27:21.700  INFO 2576 --- [cTaskExecutor-1] o.s.a.r.c.CachingConnectionFactory       : Created new connection: rabbitConnectionFactory#72ed9aad:0/SimpleConnection@3e386ba6 [delegate=amqp://guest@172.16.12.250:5672/, localPort= 60524]
2018-10-25 18:27:21.896  INFO 2576 --- [           main] o.s.b.w.embedded.tomcat.TomcatWebServer  : Tomcat started on port(s): 8081 (http) with context path ''
2018-10-25 18:27:21.903  INFO 2576 --- [           main] com.caodaxing.ConsumerApplication        : Started ConsumerApplication in 6.894 seconds (JVM running for 7.443)
2018-10-25 18:30:12.327  INFO 2576 --- [cTaskExecutor-8] com.caodaxing.receiver.ReceiverMessage   : 这是一个日志...
2018-10-25 18:34:31.253  INFO 12852 --- [           main] com.caodaxing.ConsumerApplication        : Starting ConsumerApplication on EDZ-20171124WCV with PID 12852 (D:\mavenproject\rabbitmq-example\consumer\target\classes started by Administrator in D:\mavenproject\rabbitmq-example\consumer)
2018-10-25 18:34:31.258  INFO 12852 --- [           main] com.caodaxing.ConsumerApplication        : No active profile set, falling back to default profiles: default
2018-10-25 18:34:31.377  INFO 12852 --- [           main] ConfigServletWebServerApplicationContext : Refreshing org.springframework.boot.web.servlet.context.AnnotationConfigServletWebServerApplicationContext@4802796d: startup date [Thu Oct 25 18:34:31 CST 2018]; root of context hierarchy
2018-10-25 18:34:33.129  INFO 12852 --- [           main] trationDelegate$BeanPostProcessorChecker : Bean 'org.springframework.amqp.rabbit.annotation.RabbitBootstrapConfiguration' of type [org.springframework.amqp.rabbit.annotation.RabbitBootstrapConfiguration$$EnhancerBySpringCGLIB$$e8ac9e09] is not eligible for getting processed by all BeanPostProcessors (for example: not eligible for auto-proxying)
2018-10-25 18:34:34.296  INFO 12852 --- [           main] o.s.b.w.embedded.tomcat.TomcatWebServer  : Tomcat initialized with port(s): 8081 (http)
2018-10-25 18:34:34.346  INFO 12852 --- [           main] o.apache.catalina.core.StandardService   : Starting service [Tomcat]
2018-10-25 18:34:34.346  INFO 12852 --- [           main] org.apache.catalina.core.StandardEngine  : Starting Servlet Engine: Apache Tomcat/8.5.34
2018-10-25 18:34:34.372  INFO 12852 --- [ost-startStop-1] o.a.catalina.core.AprLifecycleListener   : The APR based Apache Tomcat Native library which allows optimal performance in production environments was not found on the java.library.path: [C:\Program Files\Java\jdk1.8.0_131\bin;C:\WINDOWS\Sun\Java\bin;C:\WINDOWS\system32;C:\WINDOWS;C:/Program Files/Java/jre1.8.0_131/bin/server;C:/Program Files/Java/jre1.8.0_131/bin;C:/Program Files/Java/jre1.8.0_131/lib/amd64;D:\Python\Scripts\;D:\Python\;C:\ProgramData\Oracle\Java\javapath;C:\Program Files (x86)\Intel\iCLS Client\;C:\Program Files\Intel\iCLS Client\;C:\WINDOWS\system32;C:\WINDOWS;C:\WINDOWS\System32\Wbem;C:\WINDOWS\System32\WindowsPowerShell\v1.0\;C:\Program Files (x86)\Intel\Intel(R) Management Engine Components\DAL;C:\Program Files\Intel\Intel(R) Management Engine Components\DAL;C:\Program Files (x86)\Intel\Intel(R) Management Engine Components\IPT;C:\Program Files\Intel\Intel(R) Management Engine Components\IPT;C:\Program Files\Java\jdk1.7.0_67\bin;C:\Program Files\Java\jdk1.7.0_67\jre\bin;C:\Program Files\Git\cmd;C:\Program Files\TortoiseGit\bin;C:\Program Files\maven\apache-maven-3.3.9\bin;C:\Program Files\Java\groovy-2.4.14\bin;D:\node\;C:\WINDOWS\System32\OpenSSH\;D:\fiddler;C:\Users\Administrator\AppData\Roaming\npm;D:\visual\Microsoft VS Code\bin;C:\Users\Administrator\AppData\Local\Microsoft\WindowsApps;;D:\eclipse\eclipse;;.]
2018-10-25 18:34:34.570  INFO 12852 --- [ost-startStop-1] o.a.c.c.C.[Tomcat].[localhost].[/]       : Initializing Spring embedded WebApplicationContext
2018-10-25 18:34:34.571  INFO 12852 --- [ost-startStop-1] o.s.web.context.ContextLoader            : Root WebApplicationContext: initialization completed in 3194 ms
2018-10-25 18:34:34.694  INFO 12852 --- [ost-startStop-1] o.s.b.w.servlet.ServletRegistrationBean  : Servlet dispatcherServlet mapped to [/]
2018-10-25 18:34:34.700  INFO 12852 --- [ost-startStop-1] o.s.b.w.servlet.FilterRegistrationBean   : Mapping filter: 'characterEncodingFilter' to: [/*]
2018-10-25 18:34:34.701  INFO 12852 --- [ost-startStop-1] o.s.b.w.servlet.FilterRegistrationBean   : Mapping filter: 'hiddenHttpMethodFilter' to: [/*]
2018-10-25 18:34:34.702  INFO 12852 --- [ost-startStop-1] o.s.b.w.servlet.FilterRegistrationBean   : Mapping filter: 'httpPutFormContentFilter' to: [/*]
2018-10-25 18:34:34.702  INFO 12852 --- [ost-startStop-1] o.s.b.w.servlet.FilterRegistrationBean   : Mapping filter: 'requestContextFilter' to: [/*]
2018-10-25 18:34:34.896  INFO 12852 --- [           main] o.s.w.s.handler.SimpleUrlHandlerMapping  : Mapped URL path [/**/favicon.ico] onto handler of type [class org.springframework.web.servlet.resource.ResourceHttpRequestHandler]
2018-10-25 18:34:35.212  INFO 12852 --- [           main] s.w.s.m.m.a.RequestMappingHandlerAdapter : Looking for @ControllerAdvice: org.springframework.boot.web.servlet.context.AnnotationConfigServletWebServerApplicationContext@4802796d: startup date [Thu Oct 25 18:34:31 CST 2018]; root of context hierarchy
2018-10-25 18:34:35.521  INFO 12852 --- [           main] s.w.s.m.m.a.RequestMappingHandlerMapping : Mapped "{[/error]}" onto public org.springframework.http.ResponseEntity<java.util.Map<java.lang.String, java.lang.Object>> org.springframework.boot.autoconfigure.web.servlet.error.BasicErrorController.error(javax.servlet.http.HttpServletRequest)
2018-10-25 18:34:35.525  INFO 12852 --- [           main] s.w.s.m.m.a.RequestMappingHandlerMapping : Mapped "{[/error],produces=[text/html]}" onto public org.springframework.web.servlet.ModelAndView org.springframework.boot.autoconfigure.web.servlet.error.BasicErrorController.errorHtml(javax.servlet.http.HttpServletRequest,javax.servlet.http.HttpServletResponse)
2018-10-25 18:34:35.590  INFO 12852 --- [           main] o.s.w.s.handler.SimpleUrlHandlerMapping  : Mapped URL path [/webjars/**] onto handler of type [class org.springframework.web.servlet.resource.ResourceHttpRequestHandler]
2018-10-25 18:34:35.592  INFO 12852 --- [           main] o.s.w.s.handler.SimpleUrlHandlerMapping  : Mapped URL path [/**] onto handler of type [class org.springframework.web.servlet.resource.ResourceHttpRequestHandler]
2018-10-25 18:34:36.300  INFO 12852 --- [           main] o.s.j.e.a.AnnotationMBeanExporter        : Registering beans for JMX exposure on startup
2018-10-25 18:34:36.315  INFO 12852 --- [           main] o.s.j.e.a.AnnotationMBeanExporter        : Bean with name 'rabbitConnectionFactory' has been autodetected for JMX exposure
2018-10-25 18:34:36.325  INFO 12852 --- [           main] o.s.j.e.a.AnnotationMBeanExporter        : Located managed bean 'rabbitConnectionFactory': registering with JMX server as MBean [org.springframework.amqp.rabbit.connection:name=rabbitConnectionFactory,type=CachingConnectionFactory]
2018-10-25 18:34:36.398  INFO 12852 --- [           main] o.s.c.support.DefaultLifecycleProcessor  : Starting beans in phase 2147483647
2018-10-25 18:34:36.425  INFO 12852 --- [cTaskExecutor-1] o.s.a.r.c.CachingConnectionFactory       : Attempting to connect to: [172.16.12.250:5672]
2018-10-25 18:34:36.565  INFO 12852 --- [cTaskExecutor-1] o.s.a.r.c.CachingConnectionFactory       : Created new connection: rabbitConnectionFactory#72ed9aad:0/SimpleConnection@17d8cf88 [delegate=amqp://guest@172.16.12.250:5672/, localPort= 64017]
2018-10-25 18:34:36.728  INFO 12852 --- [           main] o.s.b.w.embedded.tomcat.TomcatWebServer  : Tomcat started on port(s): 8081 (http) with context path ''
2018-10-25 18:34:36.736  INFO 12852 --- [           main] com.caodaxing.ConsumerApplication        : Started ConsumerApplication in 6.27 seconds (JVM running for 6.855)
2018-10-25 18:34:52.756  INFO 12852 --- [cTaskExecutor-3] com.caodaxing.receiver.ReceiverMessage   : 这是一个日志...
