2018-10-25 17:48:00.485  INFO 4480 --- [           main] o.apache.catalina.core.StandardService   : Starting service [Tomcat]
2018-10-25 17:48:00.492  INFO 4480 --- [           main] org.apache.catalina.core.StandardEngine  : Starting Servlet Engine: Apache Tomcat/8.5.34
2018-10-25 17:48:00.516  INFO 4480 --- [ost-startStop-1] o.a.catalina.core.AprLifecycleListener   : The APR based Apache Tomcat Native library which allows optimal performance in production environments was not found on the java.library.path: [C:\Program Files\Java\jdk1.8.0_131\bin;C:\WINDOWS\Sun\Java\bin;C:\WINDOWS\system32;C:\WINDOWS;C:\Program Files\Java\jdk1.8.0_131\jre\bin;C:/Program Files/Java/jre1.8.0_131/bin/server;C:/Program Files/Java/jre1.8.0_131/bin;C:/Program Files/Java/jre1.8.0_131/lib/amd64;D:\Python\Scripts\;D:\Python\;C:\ProgramData\Oracle\Java\javapath;C:\Program Files (x86)\Intel\iCLS Client\;C:\Program Files\Intel\iCLS Client\;C:\WINDOWS\system32;C:\WINDOWS;C:\WINDOWS\System32\Wbem;C:\WINDOWS\System32\WindowsPowerShell\v1.0\;C:\Program Files (x86)\Intel\Intel(R) Management Engine Components\DAL;C:\Program Files\Intel\Intel(R) Management Engine Components\DAL;C:\Program Files (x86)\Intel\Intel(R) Management Engine Components\IPT;C:\Program Files\Intel\Intel(R) Management Engine Components\IPT;C:\Program Files\Java\jdk1.7.0_67\bin;C:\Program Files\Java\jdk1.7.0_67\jre\bin;C:\Program Files\Git\cmd;C:\Program Files\TortoiseGit\bin;C:\Program Files\maven\apache-maven-3.3.9\bin;C:\Program Files\Java\groovy-2.4.14\bin;D:\node\;C:\WINDOWS\System32\OpenSSH\;D:\fiddler;C:\Users\Administrator\AppData\Roaming\npm;D:\visual\Microsoft VS Code\bin;C:\Users\Administrator\AppData\Local\Microsoft\WindowsApps;;D:\eclipse\eclipse;;.]
2018-10-25 17:48:00.770  INFO 4480 --- [ost-startStop-1] o.a.c.c.C.[Tomcat].[localhost].[/]       : Initializing Spring embedded WebApplicationContext
2018-10-25 17:51:59.456  INFO 13680 --- [           main] com.caodaxing.Application                : Starting Application on EDZ-20171124WCV with PID 13680 (D:\mavenproject\rabbitmq-example\producer\target\classes started by Administrator in D:\mavenproject\rabbitmq-example\producer)
2018-10-25 17:51:59.463  INFO 13680 --- [           main] com.caodaxing.Application                : No active profile set, falling back to default profiles: default
2018-10-25 17:51:59.563  INFO 13680 --- [           main] ConfigServletWebServerApplicationContext : Refreshing org.springframework.boot.web.servlet.context.AnnotationConfigServletWebServerApplicationContext@6d7fc27: startup date [Thu Oct 25 17:51:59 CST 2018]; root of context hierarchy
2018-10-25 17:52:01.544  INFO 13680 --- [           main] trationDelegate$BeanPostProcessorChecker : Bean 'org.springframework.amqp.rabbit.annotation.RabbitBootstrapConfiguration' of type [org.springframework.amqp.rabbit.annotation.RabbitBootstrapConfiguration$$EnhancerBySpringCGLIB$$30a0bc47] is not eligible for getting processed by all BeanPostProcessors (for example: not eligible for auto-proxying)
2018-10-25 17:52:02.758  INFO 13680 --- [           main] o.s.b.w.embedded.tomcat.TomcatWebServer  : Tomcat initialized with port(s): 8080 (http)
2018-10-25 17:52:02.835  INFO 13680 --- [           main] o.apache.catalina.core.StandardService   : Starting service [Tomcat]
2018-10-25 17:52:02.836  INFO 13680 --- [           main] org.apache.catalina.core.StandardEngine  : Starting Servlet Engine: Apache Tomcat/8.5.34
2018-10-25 17:52:02.888  INFO 13680 --- [ost-startStop-1] o.a.catalina.core.AprLifecycleListener   : The APR based Apache Tomcat Native library which allows optimal performance in production environments was not found on the java.library.path: [C:\Program Files\Java\jdk1.8.0_131\bin;C:\WINDOWS\Sun\Java\bin;C:\WINDOWS\system32;C:\WINDOWS;C:\Program Files\Java\jdk1.8.0_131\jre\bin;C:/Program Files/Java/jre1.8.0_131/bin/server;C:/Program Files/Java/jre1.8.0_131/bin;C:/Program Files/Java/jre1.8.0_131/lib/amd64;D:\Python\Scripts\;D:\Python\;C:\ProgramData\Oracle\Java\javapath;C:\Program Files (x86)\Intel\iCLS Client\;C:\Program Files\Intel\iCLS Client\;C:\WINDOWS\system32;C:\WINDOWS;C:\WINDOWS\System32\Wbem;C:\WINDOWS\System32\WindowsPowerShell\v1.0\;C:\Program Files (x86)\Intel\Intel(R) Management Engine Components\DAL;C:\Program Files\Intel\Intel(R) Management Engine Components\DAL;C:\Program Files (x86)\Intel\Intel(R) Management Engine Components\IPT;C:\Program Files\Intel\Intel(R) Management Engine Components\IPT;C:\Program Files\Java\jdk1.7.0_67\bin;C:\Program Files\Java\jdk1.7.0_67\jre\bin;C:\Program Files\Git\cmd;C:\Program Files\TortoiseGit\bin;C:\Program Files\maven\apache-maven-3.3.9\bin;C:\Program Files\Java\groovy-2.4.14\bin;D:\node\;C:\WINDOWS\System32\OpenSSH\;D:\fiddler;C:\Users\Administrator\AppData\Roaming\npm;D:\visual\Microsoft VS Code\bin;C:\Users\Administrator\AppData\Local\Microsoft\WindowsApps;;D:\eclipse\eclipse;;.]
2018-10-25 17:52:03.098  INFO 13680 --- [ost-startStop-1] o.a.c.c.C.[Tomcat].[localhost].[/]       : Initializing Spring embedded WebApplicationContext
2018-10-25 17:52:03.100  INFO 13680 --- [ost-startStop-1] o.s.web.context.ContextLoader            : Root WebApplicationContext: initialization completed in 3537 ms
2018-10-25 17:52:03.296  INFO 13680 --- [ost-startStop-1] o.s.b.w.servlet.ServletRegistrationBean  : Servlet dispatcherServlet mapped to [/]
2018-10-25 17:52:03.312  INFO 13680 --- [ost-startStop-1] o.s.b.w.servlet.FilterRegistrationBean   : Mapping filter: 'characterEncodingFilter' to: [/*]
2018-10-25 17:52:03.313  INFO 13680 --- [ost-startStop-1] o.s.b.w.servlet.FilterRegistrationBean   : Mapping filter: 'hiddenHttpMethodFilter' to: [/*]
2018-10-25 17:52:03.314  INFO 13680 --- [ost-startStop-1] o.s.b.w.servlet.FilterRegistrationBean   : Mapping filter: 'httpPutFormContentFilter' to: [/*]
2018-10-25 17:52:03.318  INFO 13680 --- [ost-startStop-1] o.s.b.w.servlet.FilterRegistrationBean   : Mapping filter: 'requestContextFilter' to: [/*]
2018-10-25 17:52:03.923  INFO 13680 --- [           main] o.s.w.s.handler.SimpleUrlHandlerMapping  : Mapped URL path [/**/favicon.ico] onto handler of type [class org.springframework.web.servlet.resource.ResourceHttpRequestHandler]
2018-10-25 17:52:04.445  INFO 13680 --- [           main] s.w.s.m.m.a.RequestMappingHandlerAdapter : Looking for @ControllerAdvice: org.springframework.boot.web.servlet.context.AnnotationConfigServletWebServerApplicationContext@6d7fc27: startup date [Thu Oct 25 17:51:59 CST 2018]; root of context hierarchy
2018-10-25 17:52:04.624  INFO 13680 --- [           main] s.w.s.m.m.a.RequestMappingHandlerMapping : Mapped "{[/error]}" onto public org.springframework.http.ResponseEntity<java.util.Map<java.lang.String, java.lang.Object>> org.springframework.boot.autoconfigure.web.servlet.error.BasicErrorController.error(javax.servlet.http.HttpServletRequest)
2018-10-25 17:52:04.627  INFO 13680 --- [           main] s.w.s.m.m.a.RequestMappingHandlerMapping : Mapped "{[/error],produces=[text/html]}" onto public org.springframework.web.servlet.ModelAndView org.springframework.boot.autoconfigure.web.servlet.error.BasicErrorController.errorHtml(javax.servlet.http.HttpServletRequest,javax.servlet.http.HttpServletResponse)
2018-10-25 17:52:04.684  INFO 13680 --- [           main] o.s.w.s.handler.SimpleUrlHandlerMapping  : Mapped URL path [/webjars/**] onto handler of type [class org.springframework.web.servlet.resource.ResourceHttpRequestHandler]
2018-10-25 17:52:04.685  INFO 13680 --- [           main] o.s.w.s.handler.SimpleUrlHandlerMapping  : Mapped URL path [/**] onto handler of type [class org.springframework.web.servlet.resource.ResourceHttpRequestHandler]
2018-10-25 17:52:05.470  INFO 13680 --- [           main] o.s.j.e.a.AnnotationMBeanExporter        : Registering beans for JMX exposure on startup
2018-10-25 17:52:05.494  INFO 13680 --- [           main] o.s.j.e.a.AnnotationMBeanExporter        : Bean with name 'rabbitConnectionFactory' has been autodetected for JMX exposure
2018-10-25 17:52:05.503  INFO 13680 --- [           main] o.s.j.e.a.AnnotationMBeanExporter        : Located managed bean 'rabbitConnectionFactory': registering with JMX server as MBean [org.springframework.amqp.rabbit.connection:name=rabbitConnectionFactory,type=CachingConnectionFactory]
2018-10-25 17:52:05.554  INFO 13680 --- [           main] o.s.c.support.DefaultLifecycleProcessor  : Starting beans in phase 2147483647
2018-10-25 17:52:05.675  INFO 13680 --- [           main] o.s.b.w.embedded.tomcat.TomcatWebServer  : Tomcat started on port(s): 8080 (http) with context path ''
2018-10-25 17:52:05.682  INFO 13680 --- [           main] com.caodaxing.Application                : Started Application in 7.151 seconds (JVM running for 7.849)
2018-10-25 17:57:02.381  INFO 12924 --- [           main] com.caodaxing.ApplicationTest            : Starting ApplicationTest on EDZ-20171124WCV with PID 12924 (started by Administrator in D:\mavenproject\rabbitmq-example\producer)
2018-10-25 17:57:02.384  INFO 12924 --- [           main] com.caodaxing.ApplicationTest            : No active profile set, falling back to default profiles: default
2018-10-25 17:57:02.465  INFO 12924 --- [           main] ConfigServletWebServerApplicationContext : Refreshing org.springframework.boot.web.servlet.context.AnnotationConfigServletWebServerApplicationContext@451001e5: startup date [Thu Oct 25 17:57:02 CST 2018]; root of context hierarchy
2018-10-25 17:57:04.264  INFO 12924 --- [           main] trationDelegate$BeanPostProcessorChecker : Bean 'org.springframework.amqp.rabbit.annotation.RabbitBootstrapConfiguration' of type [org.springframework.amqp.rabbit.annotation.RabbitBootstrapConfiguration$$EnhancerBySpringCGLIB$$ffa248c4] is not eligible for getting processed by all BeanPostProcessors (for example: not eligible for auto-proxying)
2018-10-25 17:57:05.402  INFO 12924 --- [           main] o.s.b.w.embedded.tomcat.TomcatWebServer  : Tomcat initialized with port(s): 0 (http)
2018-10-25 17:57:05.467  INFO 12924 --- [           main] o.apache.catalina.core.StandardService   : Starting service [Tomcat]
2018-10-25 17:57:05.468  INFO 12924 --- [           main] org.apache.catalina.core.StandardEngine  : Starting Servlet Engine: Apache Tomcat/8.5.34
2018-10-25 17:57:05.485  INFO 12924 --- [ost-startStop-1] o.a.catalina.core.AprLifecycleListener   : The APR based Apache Tomcat Native library which allows optimal performance in production environments was not found on the java.library.path: [C:\Program Files\Java\jdk1.8.0_131\bin;C:\WINDOWS\Sun\Java\bin;C:\WINDOWS\system32;C:\WINDOWS;C:/Program Files/Java/jre1.8.0_131/bin/server;C:/Program Files/Java/jre1.8.0_131/bin;C:/Program Files/Java/jre1.8.0_131/lib/amd64;D:\Python\Scripts\;D:\Python\;C:\ProgramData\Oracle\Java\javapath;C:\Program Files (x86)\Intel\iCLS Client\;C:\Program Files\Intel\iCLS Client\;C:\WINDOWS\system32;C:\WINDOWS;C:\WINDOWS\System32\Wbem;C:\WINDOWS\System32\WindowsPowerShell\v1.0\;C:\Program Files (x86)\Intel\Intel(R) Management Engine Components\DAL;C:\Program Files\Intel\Intel(R) Management Engine Components\DAL;C:\Program Files (x86)\Intel\Intel(R) Management Engine Components\IPT;C:\Program Files\Intel\Intel(R) Management Engine Components\IPT;C:\Program Files\Java\jdk1.7.0_67\bin;C:\Program Files\Java\jdk1.7.0_67\jre\bin;C:\Program Files\Git\cmd;C:\Program Files\TortoiseGit\bin;C:\Program Files\maven\apache-maven-3.3.9\bin;C:\Program Files\Java\groovy-2.4.14\bin;D:\node\;C:\WINDOWS\System32\OpenSSH\;D:\fiddler;C:\Users\Administrator\AppData\Roaming\npm;D:\visual\Microsoft VS Code\bin;C:\Users\Administrator\AppData\Local\Microsoft\WindowsApps;;D:\eclipse\eclipse;;.]
2018-10-25 17:57:05.727  INFO 12924 --- [ost-startStop-1] o.a.c.c.C.[Tomcat].[localhost].[/]       : Initializing Spring embedded WebApplicationContext
2018-10-25 17:57:05.728  INFO 12924 --- [ost-startStop-1] o.s.web.context.ContextLoader            : Root WebApplicationContext: initialization completed in 3263 ms
2018-10-25 17:57:05.832  INFO 12924 --- [ost-startStop-1] o.s.b.w.servlet.ServletRegistrationBean  : Servlet dispatcherServlet mapped to [/]
2018-10-25 17:57:05.846  INFO 12924 --- [ost-startStop-1] o.s.b.w.servlet.FilterRegistrationBean   : Mapping filter: 'characterEncodingFilter' to: [/*]
2018-10-25 17:57:05.848  INFO 12924 --- [ost-startStop-1] o.s.b.w.servlet.FilterRegistrationBean   : Mapping filter: 'hiddenHttpMethodFilter' to: [/*]
2018-10-25 17:57:05.849  INFO 12924 --- [ost-startStop-1] o.s.b.w.servlet.FilterRegistrationBean   : Mapping filter: 'httpPutFormContentFilter' to: [/*]
2018-10-25 17:57:05.852  INFO 12924 --- [ost-startStop-1] o.s.b.w.servlet.FilterRegistrationBean   : Mapping filter: 'requestContextFilter' to: [/*]
2018-10-25 17:57:06.296  INFO 12924 --- [           main] o.s.w.s.handler.SimpleUrlHandlerMapping  : Mapped URL path [/**/favicon.ico] onto handler of type [class org.springframework.web.servlet.resource.ResourceHttpRequestHandler]
2018-10-25 17:57:06.757  INFO 12924 --- [           main] s.w.s.m.m.a.RequestMappingHandlerAdapter : Looking for @ControllerAdvice: org.springframework.boot.web.servlet.context.AnnotationConfigServletWebServerApplicationContext@451001e5: startup date [Thu Oct 25 17:57:02 CST 2018]; root of context hierarchy
2018-10-25 17:57:06.923  INFO 12924 --- [           main] s.w.s.m.m.a.RequestMappingHandlerMapping : Mapped "{[/error]}" onto public org.springframework.http.ResponseEntity<java.util.Map<java.lang.String, java.lang.Object>> org.springframework.boot.autoconfigure.web.servlet.error.BasicErrorController.error(javax.servlet.http.HttpServletRequest)
2018-10-25 17:57:06.926  INFO 12924 --- [           main] s.w.s.m.m.a.RequestMappingHandlerMapping : Mapped "{[/error],produces=[text/html]}" onto public org.springframework.web.servlet.ModelAndView org.springframework.boot.autoconfigure.web.servlet.error.BasicErrorController.errorHtml(javax.servlet.http.HttpServletRequest,javax.servlet.http.HttpServletResponse)
2018-10-25 17:57:06.994  INFO 12924 --- [           main] o.s.w.s.handler.SimpleUrlHandlerMapping  : Mapped URL path [/webjars/**] onto handler of type [class org.springframework.web.servlet.resource.ResourceHttpRequestHandler]
2018-10-25 17:57:06.996  INFO 12924 --- [           main] o.s.w.s.handler.SimpleUrlHandlerMapping  : Mapped URL path [/**] onto handler of type [class org.springframework.web.servlet.resource.ResourceHttpRequestHandler]
2018-10-25 17:57:07.530  INFO 12924 --- [           main] o.s.c.support.DefaultLifecycleProcessor  : Starting beans in phase 2147483647
2018-10-25 17:57:07.629  INFO 12924 --- [           main] o.s.b.w.embedded.tomcat.TomcatWebServer  : Tomcat started on port(s): 62091 (http) with context path ''
2018-10-25 17:57:07.637  INFO 12924 --- [           main] com.caodaxing.ApplicationTest            : Started ApplicationTest in 5.913 seconds (JVM running for 7.473)
2018-10-25 17:57:07.945  INFO 12924 --- [           main] o.s.a.r.c.CachingConnectionFactory       : Attempting to connect to: [172.16.12.250:5672]
2018-10-25 17:57:08.143  INFO 12924 --- [           main] o.s.a.r.c.CachingConnectionFactory       : Created new connection: rabbitConnectionFactory#3bc735b3:0/SimpleConnection@12ffd1de [delegate=amqp://guest@172.16.12.250:5672/, localPort= 62098]
2018-10-25 17:57:08.272  INFO 12924 --- [       Thread-3] ConfigServletWebServerApplicationContext : Closing org.springframework.boot.web.servlet.context.AnnotationConfigServletWebServerApplicationContext@451001e5: startup date [Thu Oct 25 17:57:02 CST 2018]; root of context hierarchy
2018-10-25 17:57:08.278  INFO 12924 --- [       Thread-3] o.s.c.support.DefaultLifecycleProcessor  : Stopping beans in phase 2147483647
2018-10-25 17:57:08.301  INFO 12924 --- [       Thread-3] o.s.c.support.DefaultLifecycleProcessor  : Stopping beans in phase 0
2018-10-25 18:02:50.366  INFO 8940 --- [           main] com.caodaxing.ApplicationTest            : Starting ApplicationTest on EDZ-20171124WCV with PID 8940 (started by Administrator in D:\mavenproject\rabbitmq-example\producer)
2018-10-25 18:02:50.370  INFO 8940 --- [           main] com.caodaxing.ApplicationTest            : No active profile set, falling back to default profiles: default
2018-10-25 18:02:50.437  INFO 8940 --- [           main] ConfigServletWebServerApplicationContext : Refreshing org.springframework.boot.web.servlet.context.AnnotationConfigServletWebServerApplicationContext@451001e5: startup date [Thu Oct 25 18:02:50 CST 2018]; root of context hierarchy
2018-10-25 18:02:52.292  INFO 8940 --- [           main] trationDelegate$BeanPostProcessorChecker : Bean 'org.springframework.amqp.rabbit.annotation.RabbitBootstrapConfiguration' of type [org.springframework.amqp.rabbit.annotation.RabbitBootstrapConfiguration$$EnhancerBySpringCGLIB$$97df8afc] is not eligible for getting processed by all BeanPostProcessors (for example: not eligible for auto-proxying)
2018-10-25 18:02:53.386  INFO 8940 --- [           main] o.s.b.w.embedded.tomcat.TomcatWebServer  : Tomcat initialized with port(s): 0 (http)
2018-10-25 18:02:53.446  INFO 8940 --- [           main] o.apache.catalina.core.StandardService   : Starting service [Tomcat]
2018-10-25 18:02:53.447  INFO 8940 --- [           main] org.apache.catalina.core.StandardEngine  : Starting Servlet Engine: Apache Tomcat/8.5.34
2018-10-25 18:02:53.463  INFO 8940 --- [ost-startStop-1] o.a.catalina.core.AprLifecycleListener   : The APR based Apache Tomcat Native library which allows optimal performance in production environments was not found on the java.library.path: [C:\Program Files\Java\jdk1.8.0_131\bin;C:\WINDOWS\Sun\Java\bin;C:\WINDOWS\system32;C:\WINDOWS;C:/Program Files/Java/jre1.8.0_131/bin/server;C:/Program Files/Java/jre1.8.0_131/bin;C:/Program Files/Java/jre1.8.0_131/lib/amd64;D:\Python\Scripts\;D:\Python\;C:\ProgramData\Oracle\Java\javapath;C:\Program Files (x86)\Intel\iCLS Client\;C:\Program Files\Intel\iCLS Client\;C:\WINDOWS\system32;C:\WINDOWS;C:\WINDOWS\System32\Wbem;C:\WINDOWS\System32\WindowsPowerShell\v1.0\;C:\Program Files (x86)\Intel\Intel(R) Management Engine Components\DAL;C:\Program Files\Intel\Intel(R) Management Engine Components\DAL;C:\Program Files (x86)\Intel\Intel(R) Management Engine Components\IPT;C:\Program Files\Intel\Intel(R) Management Engine Components\IPT;C:\Program Files\Java\jdk1.7.0_67\bin;C:\Program Files\Java\jdk1.7.0_67\jre\bin;C:\Program Files\Git\cmd;C:\Program Files\TortoiseGit\bin;C:\Program Files\maven\apache-maven-3.3.9\bin;C:\Program Files\Java\groovy-2.4.14\bin;D:\node\;C:\WINDOWS\System32\OpenSSH\;D:\fiddler;C:\Users\Administrator\AppData\Roaming\npm;D:\visual\Microsoft VS Code\bin;C:\Users\Administrator\AppData\Local\Microsoft\WindowsApps;;D:\eclipse\eclipse;;.]
2018-10-25 18:02:53.717  INFO 8940 --- [ost-startStop-1] o.a.c.c.C.[Tomcat].[localhost].[/]       : Initializing Spring embedded WebApplicationContext
2018-10-25 18:02:53.718  INFO 8940 --- [ost-startStop-1] o.s.web.context.ContextLoader            : Root WebApplicationContext: initialization completed in 3281 ms
2018-10-25 18:02:53.808  INFO 8940 --- [ost-startStop-1] o.s.b.w.servlet.ServletRegistrationBean  : Servlet dispatcherServlet mapped to [/]
2018-10-25 18:02:53.814  INFO 8940 --- [ost-startStop-1] o.s.b.w.servlet.FilterRegistrationBean   : Mapping filter: 'characterEncodingFilter' to: [/*]
2018-10-25 18:02:53.815  INFO 8940 --- [ost-startStop-1] o.s.b.w.servlet.FilterRegistrationBean   : Mapping filter: 'hiddenHttpMethodFilter' to: [/*]
2018-10-25 18:02:53.815  INFO 8940 --- [ost-startStop-1] o.s.b.w.servlet.FilterRegistrationBean   : Mapping filter: 'httpPutFormContentFilter' to: [/*]
2018-10-25 18:02:53.816  INFO 8940 --- [ost-startStop-1] o.s.b.w.servlet.FilterRegistrationBean   : Mapping filter: 'requestContextFilter' to: [/*]
2018-10-25 18:02:54.283  INFO 8940 --- [           main] o.s.w.s.handler.SimpleUrlHandlerMapping  : Mapped URL path [/**/favicon.ico] onto handler of type [class org.springframework.web.servlet.resource.ResourceHttpRequestHandler]
2018-10-25 18:02:54.673  INFO 8940 --- [           main] s.w.s.m.m.a.RequestMappingHandlerAdapter : Looking for @ControllerAdvice: org.springframework.boot.web.servlet.context.AnnotationConfigServletWebServerApplicationContext@451001e5: startup date [Thu Oct 25 18:02:50 CST 2018]; root of context hierarchy
2018-10-25 18:02:54.880  INFO 8940 --- [           main] s.w.s.m.m.a.RequestMappingHandlerMapping : Mapped "{[/error]}" onto public org.springframework.http.ResponseEntity<java.util.Map<java.lang.String, java.lang.Object>> org.springframework.boot.autoconfigure.web.servlet.error.BasicErrorController.error(javax.servlet.http.HttpServletRequest)
2018-10-25 18:02:54.885  INFO 8940 --- [           main] s.w.s.m.m.a.RequestMappingHandlerMapping : Mapped "{[/error],produces=[text/html]}" onto public org.springframework.web.servlet.ModelAndView org.springframework.boot.autoconfigure.web.servlet.error.BasicErrorController.errorHtml(javax.servlet.http.HttpServletRequest,javax.servlet.http.HttpServletResponse)
2018-10-25 18:02:54.949  INFO 8940 --- [           main] o.s.w.s.handler.SimpleUrlHandlerMapping  : Mapped URL path [/webjars/**] onto handler of type [class org.springframework.web.servlet.resource.ResourceHttpRequestHandler]
2018-10-25 18:02:54.951  INFO 8940 --- [           main] o.s.w.s.handler.SimpleUrlHandlerMapping  : Mapped URL path [/**] onto handler of type [class org.springframework.web.servlet.resource.ResourceHttpRequestHandler]
2018-10-25 18:02:55.514  INFO 8940 --- [           main] o.s.c.support.DefaultLifecycleProcessor  : Starting beans in phase 2147483647
2018-10-25 18:02:55.578  INFO 8940 --- [           main] o.s.b.w.embedded.tomcat.TomcatWebServer  : Tomcat started on port(s): 65108 (http) with context path ''
2018-10-25 18:02:55.588  INFO 8940 --- [           main] com.caodaxing.ApplicationTest            : Started ApplicationTest in 5.93 seconds (JVM running for 7.259)
2018-10-25 18:02:55.794  INFO 8940 --- [           main] o.s.a.r.c.CachingConnectionFactory       : Attempting to connect to: [172.16.12.250:5672]
2018-10-25 18:02:55.925  INFO 8940 --- [           main] o.s.a.r.c.CachingConnectionFactory       : Created new connection: rabbitConnectionFactory#2873d672:0/SimpleConnection@57a2ed35 [delegate=amqp://guest@172.16.12.250:5672/, localPort= 65116]
2018-10-25 18:02:56.028  INFO 8940 --- [       Thread-3] ConfigServletWebServerApplicationContext : Closing org.springframework.boot.web.servlet.context.AnnotationConfigServletWebServerApplicationContext@451001e5: startup date [Thu Oct 25 18:02:50 CST 2018]; root of context hierarchy
2018-10-25 18:02:56.035  INFO 8940 --- [       Thread-3] o.s.c.support.DefaultLifecycleProcessor  : Stopping beans in phase 2147483647
2018-10-25 18:02:56.040  INFO 8940 --- [       Thread-3] o.s.c.support.DefaultLifecycleProcessor  : Stopping beans in phase 0
2018-10-25 18:13:40.876  INFO 456 --- [           main] com.caodaxing.ApplicationTest            : Starting ApplicationTest on EDZ-20171124WCV with PID 456 (started by Administrator in D:\mavenproject\rabbitmq-example\producer)
2018-10-25 18:13:40.878  INFO 456 --- [           main] com.caodaxing.ApplicationTest            : No active profile set, falling back to default profiles: default
2018-10-25 18:13:40.901  INFO 456 --- [           main] ConfigServletWebServerApplicationContext : Refreshing org.springframework.boot.web.servlet.context.AnnotationConfigServletWebServerApplicationContext@3e08ff24: startup date [Thu Oct 25 18:13:40 CST 2018]; root of context hierarchy
2018-10-25 18:13:42.779  INFO 456 --- [           main] trationDelegate$BeanPostProcessorChecker : Bean 'org.springframework.amqp.rabbit.annotation.RabbitBootstrapConfiguration' of type [org.springframework.amqp.rabbit.annotation.RabbitBootstrapConfiguration$$EnhancerBySpringCGLIB$$98a64075] is not eligible for getting processed by all BeanPostProcessors (for example: not eligible for auto-proxying)
2018-10-25 18:13:43.818  INFO 456 --- [           main] o.s.b.w.embedded.tomcat.TomcatWebServer  : Tomcat initialized with port(s): 0 (http)
2018-10-25 18:13:43.881  INFO 456 --- [           main] o.apache.catalina.core.StandardService   : Starting service [Tomcat]
2018-10-25 18:13:43.882  INFO 456 --- [           main] org.apache.catalina.core.StandardEngine  : Starting Servlet Engine: Apache Tomcat/8.5.34
2018-10-25 18:13:43.899  INFO 456 --- [ost-startStop-1] o.a.catalina.core.AprLifecycleListener   : The APR based Apache Tomcat Native library which allows optimal performance in production environments was not found on the java.library.path: [C:\Program Files\Java\jdk1.8.0_131\bin;C:\WINDOWS\Sun\Java\bin;C:\WINDOWS\system32;C:\WINDOWS;C:/Program Files/Java/jre1.8.0_131/bin/server;C:/Program Files/Java/jre1.8.0_131/bin;C:/Program Files/Java/jre1.8.0_131/lib/amd64;D:\Python\Scripts\;D:\Python\;C:\ProgramData\Oracle\Java\javapath;C:\Program Files (x86)\Intel\iCLS Client\;C:\Program Files\Intel\iCLS Client\;C:\WINDOWS\system32;C:\WINDOWS;C:\WINDOWS\System32\Wbem;C:\WINDOWS\System32\WindowsPowerShell\v1.0\;C:\Program Files (x86)\Intel\Intel(R) Management Engine Components\DAL;C:\Program Files\Intel\Intel(R) Management Engine Components\DAL;C:\Program Files (x86)\Intel\Intel(R) Management Engine Components\IPT;C:\Program Files\Intel\Intel(R) Management Engine Components\IPT;C:\Program Files\Java\jdk1.7.0_67\bin;C:\Program Files\Java\jdk1.7.0_67\jre\bin;C:\Program Files\Git\cmd;C:\Program Files\TortoiseGit\bin;C:\Program Files\maven\apache-maven-3.3.9\bin;C:\Program Files\Java\groovy-2.4.14\bin;D:\node\;C:\WINDOWS\System32\OpenSSH\;D:\fiddler;C:\Users\Administrator\AppData\Roaming\npm;D:\visual\Microsoft VS Code\bin;C:\Users\Administrator\AppData\Local\Microsoft\WindowsApps;;D:\eclipse\eclipse;;.]
2018-10-25 18:13:44.140  INFO 456 --- [ost-startStop-1] o.a.c.c.C.[Tomcat].[localhost].[/]       : Initializing Spring embedded WebApplicationContext
2018-10-25 18:13:44.140  INFO 456 --- [ost-startStop-1] o.s.web.context.ContextLoader            : Root WebApplicationContext: initialization completed in 3239 ms
2018-10-25 18:13:44.224  INFO 456 --- [ost-startStop-1] o.s.b.w.servlet.ServletRegistrationBean  : Servlet dispatcherServlet mapped to [/]
2018-10-25 18:13:44.234  INFO 456 --- [ost-startStop-1] o.s.b.w.servlet.FilterRegistrationBean   : Mapping filter: 'characterEncodingFilter' to: [/*]
2018-10-25 18:13:44.236  INFO 456 --- [ost-startStop-1] o.s.b.w.servlet.FilterRegistrationBean   : Mapping filter: 'hiddenHttpMethodFilter' to: [/*]
2018-10-25 18:13:44.237  INFO 456 --- [ost-startStop-1] o.s.b.w.servlet.FilterRegistrationBean   : Mapping filter: 'httpPutFormContentFilter' to: [/*]
2018-10-25 18:13:44.237  INFO 456 --- [ost-startStop-1] o.s.b.w.servlet.FilterRegistrationBean   : Mapping filter: 'requestContextFilter' to: [/*]
2018-10-25 18:13:44.708  INFO 456 --- [           main] o.s.w.s.handler.SimpleUrlHandlerMapping  : Mapped URL path [/**/favicon.ico] onto handler of type [class org.springframework.web.servlet.resource.ResourceHttpRequestHandler]
2018-10-25 18:13:45.033  INFO 456 --- [           main] s.w.s.m.m.a.RequestMappingHandlerAdapter : Looking for @ControllerAdvice: org.springframework.boot.web.servlet.context.AnnotationConfigServletWebServerApplicationContext@3e08ff24: startup date [Thu Oct 25 18:13:40 CST 2018]; root of context hierarchy
2018-10-25 18:13:45.261  INFO 456 --- [           main] s.w.s.m.m.a.RequestMappingHandlerMapping : Mapped "{[/error]}" onto public org.springframework.http.ResponseEntity<java.util.Map<java.lang.String, java.lang.Object>> org.springframework.boot.autoconfigure.web.servlet.error.BasicErrorController.error(javax.servlet.http.HttpServletRequest)
2018-10-25 18:13:45.264  INFO 456 --- [           main] s.w.s.m.m.a.RequestMappingHandlerMapping : Mapped "{[/error],produces=[text/html]}" onto public org.springframework.web.servlet.ModelAndView org.springframework.boot.autoconfigure.web.servlet.error.BasicErrorController.errorHtml(javax.servlet.http.HttpServletRequest,javax.servlet.http.HttpServletResponse)
2018-10-25 18:13:45.319  INFO 456 --- [           main] o.s.w.s.handler.SimpleUrlHandlerMapping  : Mapped URL path [/webjars/**] onto handler of type [class org.springframework.web.servlet.resource.ResourceHttpRequestHandler]
2018-10-25 18:13:45.321  INFO 456 --- [           main] o.s.w.s.handler.SimpleUrlHandlerMapping  : Mapped URL path [/**] onto handler of type [class org.springframework.web.servlet.resource.ResourceHttpRequestHandler]
2018-10-25 18:13:45.962  INFO 456 --- [           main] o.s.c.support.DefaultLifecycleProcessor  : Starting beans in phase 2147483647
2018-10-25 18:13:46.028  INFO 456 --- [           main] o.s.b.w.embedded.tomcat.TomcatWebServer  : Tomcat started on port(s): 53963 (http) with context path ''
2018-10-25 18:13:46.035  INFO 456 --- [           main] com.caodaxing.ApplicationTest            : Started ApplicationTest in 5.915 seconds (JVM running for 7.185)
2018-10-25 18:13:46.301  INFO 456 --- [           main] o.s.a.r.c.CachingConnectionFactory       : Attempting to connect to: [172.16.12.250:5672]
2018-10-25 18:13:46.428  INFO 456 --- [           main] o.s.a.r.c.CachingConnectionFactory       : Created new connection: rabbitConnectionFactory#4303b7f0:0/SimpleConnection@4096aa05 [delegate=amqp://guest@172.16.12.250:5672/, localPort= 53971]
2018-10-25 18:13:46.547  INFO 456 --- [       Thread-3] ConfigServletWebServerApplicationContext : Closing org.springframework.boot.web.servlet.context.AnnotationConfigServletWebServerApplicationContext@3e08ff24: startup date [Thu Oct 25 18:13:40 CST 2018]; root of context hierarchy
2018-10-25 18:13:46.553  INFO 456 --- [       Thread-3] o.s.c.support.DefaultLifecycleProcessor  : Stopping beans in phase 2147483647
2018-10-25 18:13:46.557  INFO 456 --- [       Thread-3] o.s.c.support.DefaultLifecycleProcessor  : Stopping beans in phase 0
2018-10-25 18:15:18.377  INFO 1112 --- [           main] com.caodaxing.ApplicationTest            : Starting ApplicationTest on EDZ-20171124WCV with PID 1112 (started by Administrator in D:\mavenproject\rabbitmq-example\producer)
2018-10-25 18:15:18.380  INFO 1112 --- [           main] com.caodaxing.ApplicationTest            : No active profile set, falling back to default profiles: default
2018-10-25 18:15:18.409  INFO 1112 --- [           main] ConfigServletWebServerApplicationContext : Refreshing org.springframework.boot.web.servlet.context.AnnotationConfigServletWebServerApplicationContext@3e08ff24: startup date [Thu Oct 25 18:15:18 CST 2018]; root of context hierarchy
2018-10-25 18:15:20.258  INFO 1112 --- [           main] trationDelegate$BeanPostProcessorChecker : Bean 'org.springframework.amqp.rabbit.annotation.RabbitBootstrapConfiguration' of type [org.springframework.amqp.rabbit.annotation.RabbitBootstrapConfiguration$$EnhancerBySpringCGLIB$$98a64075] is not eligible for getting processed by all BeanPostProcessors (for example: not eligible for auto-proxying)
2018-10-25 18:15:21.448  INFO 1112 --- [           main] o.s.b.w.embedded.tomcat.TomcatWebServer  : Tomcat initialized with port(s): 0 (http)
2018-10-25 18:15:21.531  INFO 1112 --- [           main] o.apache.catalina.core.StandardService   : Starting service [Tomcat]
2018-10-25 18:15:21.533  INFO 1112 --- [           main] org.apache.catalina.core.StandardEngine  : Starting Servlet Engine: Apache Tomcat/8.5.34
2018-10-25 18:15:21.553  INFO 1112 --- [ost-startStop-1] o.a.catalina.core.AprLifecycleListener   : The APR based Apache Tomcat Native library which allows optimal performance in production environments was not found on the java.library.path: [C:\Program Files\Java\jdk1.8.0_131\bin;C:\WINDOWS\Sun\Java\bin;C:\WINDOWS\system32;C:\WINDOWS;C:/Program Files/Java/jre1.8.0_131/bin/server;C:/Program Files/Java/jre1.8.0_131/bin;C:/Program Files/Java/jre1.8.0_131/lib/amd64;D:\Python\Scripts\;D:\Python\;C:\ProgramData\Oracle\Java\javapath;C:\Program Files (x86)\Intel\iCLS Client\;C:\Program Files\Intel\iCLS Client\;C:\WINDOWS\system32;C:\WINDOWS;C:\WINDOWS\System32\Wbem;C:\WINDOWS\System32\WindowsPowerShell\v1.0\;C:\Program Files (x86)\Intel\Intel(R) Management Engine Components\DAL;C:\Program Files\Intel\Intel(R) Management Engine Components\DAL;C:\Program Files (x86)\Intel\Intel(R) Management Engine Components\IPT;C:\Program Files\Intel\Intel(R) Management Engine Components\IPT;C:\Program Files\Java\jdk1.7.0_67\bin;C:\Program Files\Java\jdk1.7.0_67\jre\bin;C:\Program Files\Git\cmd;C:\Program Files\TortoiseGit\bin;C:\Program Files\maven\apache-maven-3.3.9\bin;C:\Program Files\Java\groovy-2.4.14\bin;D:\node\;C:\WINDOWS\System32\OpenSSH\;D:\fiddler;C:\Users\Administrator\AppData\Roaming\npm;D:\visual\Microsoft VS Code\bin;C:\Users\Administrator\AppData\Local\Microsoft\WindowsApps;;D:\eclipse\eclipse;;.]
2018-10-25 18:15:21.867  INFO 1112 --- [ost-startStop-1] o.a.c.c.C.[Tomcat].[localhost].[/]       : Initializing Spring embedded WebApplicationContext
2018-10-25 18:15:21.868  INFO 1112 --- [ost-startStop-1] o.s.web.context.ContextLoader            : Root WebApplicationContext: initialization completed in 3459 ms
2018-10-25 18:15:21.997  INFO 1112 --- [ost-startStop-1] o.s.b.w.servlet.ServletRegistrationBean  : Servlet dispatcherServlet mapped to [/]
2018-10-25 18:15:22.007  INFO 1112 --- [ost-startStop-1] o.s.b.w.servlet.FilterRegistrationBean   : Mapping filter: 'characterEncodingFilter' to: [/*]
2018-10-25 18:15:22.008  INFO 1112 --- [ost-startStop-1] o.s.b.w.servlet.FilterRegistrationBean   : Mapping filter: 'hiddenHttpMethodFilter' to: [/*]
2018-10-25 18:15:22.008  INFO 1112 --- [ost-startStop-1] o.s.b.w.servlet.FilterRegistrationBean   : Mapping filter: 'httpPutFormContentFilter' to: [/*]
2018-10-25 18:15:22.008  INFO 1112 --- [ost-startStop-1] o.s.b.w.servlet.FilterRegistrationBean   : Mapping filter: 'requestContextFilter' to: [/*]
2018-10-25 18:15:22.587  INFO 1112 --- [           main] o.s.w.s.handler.SimpleUrlHandlerMapping  : Mapped URL path [/**/favicon.ico] onto handler of type [class org.springframework.web.servlet.resource.ResourceHttpRequestHandler]
2018-10-25 18:15:22.977  INFO 1112 --- [           main] s.w.s.m.m.a.RequestMappingHandlerAdapter : Looking for @ControllerAdvice: org.springframework.boot.web.servlet.context.AnnotationConfigServletWebServerApplicationContext@3e08ff24: startup date [Thu Oct 25 18:15:18 CST 2018]; root of context hierarchy
2018-10-25 18:15:23.120  INFO 1112 --- [           main] s.w.s.m.m.a.RequestMappingHandlerMapping : Mapped "{[/error]}" onto public org.springframework.http.ResponseEntity<java.util.Map<java.lang.String, java.lang.Object>> org.springframework.boot.autoconfigure.web.servlet.error.BasicErrorController.error(javax.servlet.http.HttpServletRequest)
2018-10-25 18:15:23.122  INFO 1112 --- [           main] s.w.s.m.m.a.RequestMappingHandlerMapping : Mapped "{[/error],produces=[text/html]}" onto public org.springframework.web.servlet.ModelAndView org.springframework.boot.autoconfigure.web.servlet.error.BasicErrorController.errorHtml(javax.servlet.http.HttpServletRequest,javax.servlet.http.HttpServletResponse)
2018-10-25 18:15:23.189  INFO 1112 --- [           main] o.s.w.s.handler.SimpleUrlHandlerMapping  : Mapped URL path [/webjars/**] onto handler of type [class org.springframework.web.servlet.resource.ResourceHttpRequestHandler]
2018-10-25 18:15:23.190  INFO 1112 --- [           main] o.s.w.s.handler.SimpleUrlHandlerMapping  : Mapped URL path [/**] onto handler of type [class org.springframework.web.servlet.resource.ResourceHttpRequestHandler]
2018-10-25 18:15:23.876  INFO 1112 --- [           main] o.s.c.support.DefaultLifecycleProcessor  : Starting beans in phase 2147483647
2018-10-25 18:15:23.938  INFO 1112 --- [           main] o.s.b.w.embedded.tomcat.TomcatWebServer  : Tomcat started on port(s): 54713 (http) with context path ''
2018-10-25 18:15:23.945  INFO 1112 --- [           main] com.caodaxing.ApplicationTest            : Started ApplicationTest in 6.288 seconds (JVM running for 7.689)
2018-10-25 18:15:24.290  INFO 1112 --- [           main] o.s.a.r.c.CachingConnectionFactory       : Attempting to connect to: [172.16.12.250:5672]
2018-10-25 18:15:24.413  INFO 1112 --- [           main] o.s.a.r.c.CachingConnectionFactory       : Created new connection: rabbitConnectionFactory#4303b7f0:0/SimpleConnection@4096aa05 [delegate=amqp://guest@172.16.12.250:5672/, localPort= 54720]
2018-10-25 18:15:24.491  INFO 1112 --- [       Thread-3] ConfigServletWebServerApplicationContext : Closing org.springframework.boot.web.servlet.context.AnnotationConfigServletWebServerApplicationContext@3e08ff24: startup date [Thu Oct 25 18:15:18 CST 2018]; root of context hierarchy
2018-10-25 18:15:24.496  INFO 1112 --- [       Thread-3] o.s.c.support.DefaultLifecycleProcessor  : Stopping beans in phase 2147483647
2018-10-25 18:15:24.500  INFO 1112 --- [       Thread-3] o.s.c.support.DefaultLifecycleProcessor  : Stopping beans in phase 0
2018-10-25 18:16:43.434  INFO 13496 --- [           main] com.caodaxing.ApplicationTest            : Starting ApplicationTest on EDZ-20171124WCV with PID 13496 (started by Administrator in D:\mavenproject\rabbitmq-example\producer)
2018-10-25 18:16:43.438  INFO 13496 --- [           main] com.caodaxing.ApplicationTest            : No active profile set, falling back to default profiles: default
2018-10-25 18:16:43.460  INFO 13496 --- [           main] ConfigServletWebServerApplicationContext : Refreshing org.springframework.boot.web.servlet.context.AnnotationConfigServletWebServerApplicationContext@3e08ff24: startup date [Thu Oct 25 18:16:43 CST 2018]; root of context hierarchy
2018-10-25 18:16:45.103  INFO 13496 --- [           main] trationDelegate$BeanPostProcessorChecker : Bean 'org.springframework.amqp.rabbit.annotation.RabbitBootstrapConfiguration' of type [org.springframework.amqp.rabbit.annotation.RabbitBootstrapConfiguration$$EnhancerBySpringCGLIB$$ffa248c4] is not eligible for getting processed by all BeanPostProcessors (for example: not eligible for auto-proxying)
2018-10-25 18:16:46.177  INFO 13496 --- [           main] o.s.b.w.embedded.tomcat.TomcatWebServer  : Tomcat initialized with port(s): 0 (http)
2018-10-25 18:16:46.236  INFO 13496 --- [           main] o.apache.catalina.core.StandardService   : Starting service [Tomcat]
2018-10-25 18:16:46.238  INFO 13496 --- [           main] org.apache.catalina.core.StandardEngine  : Starting Servlet Engine: Apache Tomcat/8.5.34
2018-10-25 18:16:46.259  INFO 13496 --- [ost-startStop-1] o.a.catalina.core.AprLifecycleListener   : The APR based Apache Tomcat Native library which allows optimal performance in production environments was not found on the java.library.path: [C:\Program Files\Java\jdk1.8.0_131\bin;C:\WINDOWS\Sun\Java\bin;C:\WINDOWS\system32;C:\WINDOWS;C:/Program Files/Java/jre1.8.0_131/bin/server;C:/Program Files/Java/jre1.8.0_131/bin;C:/Program Files/Java/jre1.8.0_131/lib/amd64;D:\Python\Scripts\;D:\Python\;C:\ProgramData\Oracle\Java\javapath;C:\Program Files (x86)\Intel\iCLS Client\;C:\Program Files\Intel\iCLS Client\;C:\WINDOWS\system32;C:\WINDOWS;C:\WINDOWS\System32\Wbem;C:\WINDOWS\System32\WindowsPowerShell\v1.0\;C:\Program Files (x86)\Intel\Intel(R) Management Engine Components\DAL;C:\Program Files\Intel\Intel(R) Management Engine Components\DAL;C:\Program Files (x86)\Intel\Intel(R) Management Engine Components\IPT;C:\Program Files\Intel\Intel(R) Management Engine Components\IPT;C:\Program Files\Java\jdk1.7.0_67\bin;C:\Program Files\Java\jdk1.7.0_67\jre\bin;C:\Program Files\Git\cmd;C:\Program Files\TortoiseGit\bin;C:\Program Files\maven\apache-maven-3.3.9\bin;C:\Program Files\Java\groovy-2.4.14\bin;D:\node\;C:\WINDOWS\System32\OpenSSH\;D:\fiddler;C:\Users\Administrator\AppData\Roaming\npm;D:\visual\Microsoft VS Code\bin;C:\Users\Administrator\AppData\Local\Microsoft\WindowsApps;;D:\eclipse\eclipse;;.]
2018-10-25 18:16:46.453  INFO 13496 --- [ost-startStop-1] o.a.c.c.C.[Tomcat].[localhost].[/]       : Initializing Spring embedded WebApplicationContext
2018-10-25 18:16:46.454  INFO 13496 --- [ost-startStop-1] o.s.web.context.ContextLoader            : Root WebApplicationContext: initialization completed in 2994 ms
2018-10-25 18:16:46.555  INFO 13496 --- [ost-startStop-1] o.s.b.w.servlet.ServletRegistrationBean  : Servlet dispatcherServlet mapped to [/]
2018-10-25 18:16:46.563  INFO 13496 --- [ost-startStop-1] o.s.b.w.servlet.FilterRegistrationBean   : Mapping filter: 'characterEncodingFilter' to: [/*]
2018-10-25 18:16:46.564  INFO 13496 --- [ost-startStop-1] o.s.b.w.servlet.FilterRegistrationBean   : Mapping filter: 'hiddenHttpMethodFilter' to: [/*]
2018-10-25 18:16:46.565  INFO 13496 --- [ost-startStop-1] o.s.b.w.servlet.FilterRegistrationBean   : Mapping filter: 'httpPutFormContentFilter' to: [/*]
2018-10-25 18:16:46.565  INFO 13496 --- [ost-startStop-1] o.s.b.w.servlet.FilterRegistrationBean   : Mapping filter: 'requestContextFilter' to: [/*]
2018-10-25 18:16:47.049  INFO 13496 --- [           main] o.s.w.s.handler.SimpleUrlHandlerMapping  : Mapped URL path [/**/favicon.ico] onto handler of type [class org.springframework.web.servlet.resource.ResourceHttpRequestHandler]
2018-10-25 18:16:47.430  INFO 13496 --- [           main] s.w.s.m.m.a.RequestMappingHandlerAdapter : Looking for @ControllerAdvice: org.springframework.boot.web.servlet.context.AnnotationConfigServletWebServerApplicationContext@3e08ff24: startup date [Thu Oct 25 18:16:43 CST 2018]; root of context hierarchy
2018-10-25 18:16:47.543  INFO 13496 --- [           main] s.w.s.m.m.a.RequestMappingHandlerMapping : Mapped "{[/error]}" onto public org.springframework.http.ResponseEntity<java.util.Map<java.lang.String, java.lang.Object>> org.springframework.boot.autoconfigure.web.servlet.error.BasicErrorController.error(javax.servlet.http.HttpServletRequest)
2018-10-25 18:16:47.551  INFO 13496 --- [           main] s.w.s.m.m.a.RequestMappingHandlerMapping : Mapped "{[/error],produces=[text/html]}" onto public org.springframework.web.servlet.ModelAndView org.springframework.boot.autoconfigure.web.servlet.error.BasicErrorController.errorHtml(javax.servlet.http.HttpServletRequest,javax.servlet.http.HttpServletResponse)
2018-10-25 18:16:47.613  INFO 13496 --- [           main] o.s.w.s.handler.SimpleUrlHandlerMapping  : Mapped URL path [/webjars/**] onto handler of type [class org.springframework.web.servlet.resource.ResourceHttpRequestHandler]
2018-10-25 18:16:47.615  INFO 13496 --- [           main] o.s.w.s.handler.SimpleUrlHandlerMapping  : Mapped URL path [/**] onto handler of type [class org.springframework.web.servlet.resource.ResourceHttpRequestHandler]
2018-10-25 18:16:48.232  INFO 13496 --- [           main] o.s.c.support.DefaultLifecycleProcessor  : Starting beans in phase 2147483647
2018-10-25 18:16:48.313  INFO 13496 --- [           main] o.s.b.w.embedded.tomcat.TomcatWebServer  : Tomcat started on port(s): 55363 (http) with context path ''
2018-10-25 18:16:48.323  INFO 13496 --- [           main] com.caodaxing.ApplicationTest            : Started ApplicationTest in 5.66 seconds (JVM running for 6.95)
2018-10-25 18:16:48.642  INFO 13496 --- [           main] o.s.a.r.c.CachingConnectionFactory       : Attempting to connect to: [172.16.12.250:5672]
2018-10-25 18:16:48.749  INFO 13496 --- [           main] o.s.a.r.c.CachingConnectionFactory       : Created new connection: rabbitConnectionFactory#3bc735b3:0/SimpleConnection@12ffd1de [delegate=amqp://guest@172.16.12.250:5672/, localPort= 55380]
2018-10-25 18:16:49.292  INFO 13496 --- [       Thread-3] ConfigServletWebServerApplicationContext : Closing org.springframework.boot.web.servlet.context.AnnotationConfigServletWebServerApplicationContext@3e08ff24: startup date [Thu Oct 25 18:16:43 CST 2018]; root of context hierarchy
2018-10-25 18:16:49.298  INFO 13496 --- [       Thread-3] o.s.c.support.DefaultLifecycleProcessor  : Stopping beans in phase 2147483647
2018-10-25 18:16:49.307  INFO 13496 --- [       Thread-3] o.s.c.support.DefaultLifecycleProcessor  : Stopping beans in phase 0
2018-10-25 18:30:06.915  INFO 6212 --- [           main] com.caodaxing.ApplicationTest            : Starting ApplicationTest on EDZ-20171124WCV with PID 6212 (started by Administrator in D:\mavenproject\rabbitmq-example\producer)
2018-10-25 18:30:06.917  INFO 6212 --- [           main] com.caodaxing.ApplicationTest            : No active profile set, falling back to default profiles: default
2018-10-25 18:30:06.983  INFO 6212 --- [           main] ConfigServletWebServerApplicationContext : Refreshing org.springframework.boot.web.servlet.context.AnnotationConfigServletWebServerApplicationContext@451001e5: startup date [Thu Oct 25 18:30:06 CST 2018]; root of context hierarchy
2018-10-25 18:30:08.702  INFO 6212 --- [           main] trationDelegate$BeanPostProcessorChecker : Bean 'org.springframework.amqp.rabbit.annotation.RabbitBootstrapConfiguration' of type [org.springframework.amqp.rabbit.annotation.RabbitBootstrapConfiguration$$EnhancerBySpringCGLIB$$9d3bb059] is not eligible for getting processed by all BeanPostProcessors (for example: not eligible for auto-proxying)
2018-10-25 18:30:09.793  INFO 6212 --- [           main] o.s.b.w.embedded.tomcat.TomcatWebServer  : Tomcat initialized with port(s): 0 (http)
2018-10-25 18:30:09.855  INFO 6212 --- [           main] o.apache.catalina.core.StandardService   : Starting service [Tomcat]
2018-10-25 18:30:09.856  INFO 6212 --- [           main] org.apache.catalina.core.StandardEngine  : Starting Servlet Engine: Apache Tomcat/8.5.34
2018-10-25 18:30:09.873  INFO 6212 --- [ost-startStop-1] o.a.catalina.core.AprLifecycleListener   : The APR based Apache Tomcat Native library which allows optimal performance in production environments was not found on the java.library.path: [C:\Program Files\Java\jdk1.8.0_131\bin;C:\WINDOWS\Sun\Java\bin;C:\WINDOWS\system32;C:\WINDOWS;C:/Program Files/Java/jre1.8.0_131/bin/server;C:/Program Files/Java/jre1.8.0_131/bin;C:/Program Files/Java/jre1.8.0_131/lib/amd64;D:\Python\Scripts\;D:\Python\;C:\ProgramData\Oracle\Java\javapath;C:\Program Files (x86)\Intel\iCLS Client\;C:\Program Files\Intel\iCLS Client\;C:\WINDOWS\system32;C:\WINDOWS;C:\WINDOWS\System32\Wbem;C:\WINDOWS\System32\WindowsPowerShell\v1.0\;C:\Program Files (x86)\Intel\Intel(R) Management Engine Components\DAL;C:\Program Files\Intel\Intel(R) Management Engine Components\DAL;C:\Program Files (x86)\Intel\Intel(R) Management Engine Components\IPT;C:\Program Files\Intel\Intel(R) Management Engine Components\IPT;C:\Program Files\Java\jdk1.7.0_67\bin;C:\Program Files\Java\jdk1.7.0_67\jre\bin;C:\Program Files\Git\cmd;C:\Program Files\TortoiseGit\bin;C:\Program Files\maven\apache-maven-3.3.9\bin;C:\Program Files\Java\groovy-2.4.14\bin;D:\node\;C:\WINDOWS\System32\OpenSSH\;D:\fiddler;C:\Users\Administrator\AppData\Roaming\npm;D:\visual\Microsoft VS Code\bin;C:\Users\Administrator\AppData\Local\Microsoft\WindowsApps;;D:\eclipse\eclipse;;.]
2018-10-25 18:30:10.100  INFO 6212 --- [ost-startStop-1] o.a.c.c.C.[Tomcat].[localhost].[/]       : Initializing Spring embedded WebApplicationContext
2018-10-25 18:30:10.101  INFO 6212 --- [ost-startStop-1] o.s.web.context.ContextLoader            : Root WebApplicationContext: initialization completed in 3118 ms
2018-10-25 18:30:10.196  INFO 6212 --- [ost-startStop-1] o.s.b.w.servlet.ServletRegistrationBean  : Servlet dispatcherServlet mapped to [/]
2018-10-25 18:30:10.205  INFO 6212 --- [ost-startStop-1] o.s.b.w.servlet.FilterRegistrationBean   : Mapping filter: 'characterEncodingFilter' to: [/*]
2018-10-25 18:30:10.206  INFO 6212 --- [ost-startStop-1] o.s.b.w.servlet.FilterRegistrationBean   : Mapping filter: 'hiddenHttpMethodFilter' to: [/*]
2018-10-25 18:30:10.207  INFO 6212 --- [ost-startStop-1] o.s.b.w.servlet.FilterRegistrationBean   : Mapping filter: 'httpPutFormContentFilter' to: [/*]
2018-10-25 18:30:10.209  INFO 6212 --- [ost-startStop-1] o.s.b.w.servlet.FilterRegistrationBean   : Mapping filter: 'requestContextFilter' to: [/*]
2018-10-25 18:30:10.684  INFO 6212 --- [           main] o.s.w.s.handler.SimpleUrlHandlerMapping  : Mapped URL path [/**/favicon.ico] onto handler of type [class org.springframework.web.servlet.resource.ResourceHttpRequestHandler]
2018-10-25 18:30:10.999  INFO 6212 --- [           main] s.w.s.m.m.a.RequestMappingHandlerAdapter : Looking for @ControllerAdvice: org.springframework.boot.web.servlet.context.AnnotationConfigServletWebServerApplicationContext@451001e5: startup date [Thu Oct 25 18:30:06 CST 2018]; root of context hierarchy
2018-10-25 18:30:11.132  INFO 6212 --- [           main] s.w.s.m.m.a.RequestMappingHandlerMapping : Mapped "{[/error]}" onto public org.springframework.http.ResponseEntity<java.util.Map<java.lang.String, java.lang.Object>> org.springframework.boot.autoconfigure.web.servlet.error.BasicErrorController.error(javax.servlet.http.HttpServletRequest)
2018-10-25 18:30:11.136  INFO 6212 --- [           main] s.w.s.m.m.a.RequestMappingHandlerMapping : Mapped "{[/error],produces=[text/html]}" onto public org.springframework.web.servlet.ModelAndView org.springframework.boot.autoconfigure.web.servlet.error.BasicErrorController.errorHtml(javax.servlet.http.HttpServletRequest,javax.servlet.http.HttpServletResponse)
2018-10-25 18:30:11.203  INFO 6212 --- [           main] o.s.w.s.handler.SimpleUrlHandlerMapping  : Mapped URL path [/webjars/**] onto handler of type [class org.springframework.web.servlet.resource.ResourceHttpRequestHandler]
2018-10-25 18:30:11.207  INFO 6212 --- [           main] o.s.w.s.handler.SimpleUrlHandlerMapping  : Mapped URL path [/**] onto handler of type [class org.springframework.web.servlet.resource.ResourceHttpRequestHandler]
2018-10-25 18:30:11.828  INFO 6212 --- [           main] o.s.c.support.DefaultLifecycleProcessor  : Starting beans in phase 2147483647
2018-10-25 18:30:11.882  INFO 6212 --- [           main] o.s.b.w.embedded.tomcat.TomcatWebServer  : Tomcat started on port(s): 61960 (http) with context path ''
2018-10-25 18:30:11.889  INFO 6212 --- [           main] com.caodaxing.ApplicationTest            : Started ApplicationTest in 5.64 seconds (JVM running for 7.035)
2018-10-25 18:30:12.117  INFO 6212 --- [           main] o.s.a.r.c.CachingConnectionFactory       : Attempting to connect to: [172.16.12.250:5672]
2018-10-25 18:30:12.219  INFO 6212 --- [           main] o.s.a.r.c.CachingConnectionFactory       : Created new connection: rabbitConnectionFactory#464a4442:0/SimpleConnection@3f985a86 [delegate=amqp://guest@172.16.12.250:5672/, localPort= 61967]
2018-10-25 18:30:12.303  INFO 6212 --- [       Thread-3] ConfigServletWebServerApplicationContext : Closing org.springframework.boot.web.servlet.context.AnnotationConfigServletWebServerApplicationContext@451001e5: startup date [Thu Oct 25 18:30:06 CST 2018]; root of context hierarchy
2018-10-25 18:30:12.334  INFO 6212 --- [       Thread-3] o.s.c.support.DefaultLifecycleProcessor  : Stopping beans in phase 2147483647
2018-10-25 18:30:12.340  INFO 6212 --- [       Thread-3] o.s.c.support.DefaultLifecycleProcessor  : Stopping beans in phase 0
2018-10-25 18:31:10.233  INFO 14916 --- [           main] com.caodaxing.ApplicationTest            : Starting ApplicationTest on EDZ-20171124WCV with PID 14916 (started by Administrator in D:\mavenproject\rabbitmq-example\producer)
2018-10-25 18:31:10.238  INFO 14916 --- [           main] com.caodaxing.ApplicationTest            : No active profile set, falling back to default profiles: default
2018-10-25 18:31:10.266  INFO 14916 --- [           main] ConfigServletWebServerApplicationContext : Refreshing org.springframework.boot.web.servlet.context.AnnotationConfigServletWebServerApplicationContext@3e08ff24: startup date [Thu Oct 25 18:31:10 CST 2018]; root of context hierarchy
2018-10-25 18:31:12.009  INFO 14916 --- [           main] trationDelegate$BeanPostProcessorChecker : Bean 'org.springframework.amqp.rabbit.annotation.RabbitBootstrapConfiguration' of type [org.springframework.amqp.rabbit.annotation.RabbitBootstrapConfiguration$$EnhancerBySpringCGLIB$$98a64075] is not eligible for getting processed by all BeanPostProcessors (for example: not eligible for auto-proxying)
2018-10-25 18:31:13.060  INFO 14916 --- [           main] o.s.b.w.embedded.tomcat.TomcatWebServer  : Tomcat initialized with port(s): 0 (http)
2018-10-25 18:31:13.116  INFO 14916 --- [           main] o.apache.catalina.core.StandardService   : Starting service [Tomcat]
2018-10-25 18:31:13.117  INFO 14916 --- [           main] org.apache.catalina.core.StandardEngine  : Starting Servlet Engine: Apache Tomcat/8.5.34
2018-10-25 18:31:13.136  INFO 14916 --- [ost-startStop-1] o.a.catalina.core.AprLifecycleListener   : The APR based Apache Tomcat Native library which allows optimal performance in production environments was not found on the java.library.path: [C:\Program Files\Java\jdk1.8.0_131\bin;C:\WINDOWS\Sun\Java\bin;C:\WINDOWS\system32;C:\WINDOWS;C:/Program Files/Java/jre1.8.0_131/bin/server;C:/Program Files/Java/jre1.8.0_131/bin;C:/Program Files/Java/jre1.8.0_131/lib/amd64;D:\Python\Scripts\;D:\Python\;C:\ProgramData\Oracle\Java\javapath;C:\Program Files (x86)\Intel\iCLS Client\;C:\Program Files\Intel\iCLS Client\;C:\WINDOWS\system32;C:\WINDOWS;C:\WINDOWS\System32\Wbem;C:\WINDOWS\System32\WindowsPowerShell\v1.0\;C:\Program Files (x86)\Intel\Intel(R) Management Engine Components\DAL;C:\Program Files\Intel\Intel(R) Management Engine Components\DAL;C:\Program Files (x86)\Intel\Intel(R) Management Engine Components\IPT;C:\Program Files\Intel\Intel(R) Management Engine Components\IPT;C:\Program Files\Java\jdk1.7.0_67\bin;C:\Program Files\Java\jdk1.7.0_67\jre\bin;C:\Program Files\Git\cmd;C:\Program Files\TortoiseGit\bin;C:\Program Files\maven\apache-maven-3.3.9\bin;C:\Program Files\Java\groovy-2.4.14\bin;D:\node\;C:\WINDOWS\System32\OpenSSH\;D:\fiddler;C:\Users\Administrator\AppData\Roaming\npm;D:\visual\Microsoft VS Code\bin;C:\Users\Administrator\AppData\Local\Microsoft\WindowsApps;;D:\eclipse\eclipse;;.]
2018-10-25 18:31:13.317  INFO 14916 --- [ost-startStop-1] o.a.c.c.C.[Tomcat].[localhost].[/]       : Initializing Spring embedded WebApplicationContext
2018-10-25 18:31:13.318  INFO 14916 --- [ost-startStop-1] o.s.web.context.ContextLoader            : Root WebApplicationContext: initialization completed in 3052 ms
2018-10-25 18:31:13.403  INFO 14916 --- [ost-startStop-1] o.s.b.w.servlet.ServletRegistrationBean  : Servlet dispatcherServlet mapped to [/]
2018-10-25 18:31:13.409  INFO 14916 --- [ost-startStop-1] o.s.b.w.servlet.FilterRegistrationBean   : Mapping filter: 'characterEncodingFilter' to: [/*]
2018-10-25 18:31:13.410  INFO 14916 --- [ost-startStop-1] o.s.b.w.servlet.FilterRegistrationBean   : Mapping filter: 'hiddenHttpMethodFilter' to: [/*]
2018-10-25 18:31:13.411  INFO 14916 --- [ost-startStop-1] o.s.b.w.servlet.FilterRegistrationBean   : Mapping filter: 'httpPutFormContentFilter' to: [/*]
2018-10-25 18:31:13.411  INFO 14916 --- [ost-startStop-1] o.s.b.w.servlet.FilterRegistrationBean   : Mapping filter: 'requestContextFilter' to: [/*]
2018-10-25 18:31:13.885  INFO 14916 --- [           main] o.s.w.s.handler.SimpleUrlHandlerMapping  : Mapped URL path [/**/favicon.ico] onto handler of type [class org.springframework.web.servlet.resource.ResourceHttpRequestHandler]
2018-10-25 18:31:14.223  INFO 14916 --- [           main] s.w.s.m.m.a.RequestMappingHandlerAdapter : Looking for @ControllerAdvice: org.springframework.boot.web.servlet.context.AnnotationConfigServletWebServerApplicationContext@3e08ff24: startup date [Thu Oct 25 18:31:10 CST 2018]; root of context hierarchy
2018-10-25 18:31:14.409  INFO 14916 --- [           main] s.w.s.m.m.a.RequestMappingHandlerMapping : Mapped "{[/error]}" onto public org.springframework.http.ResponseEntity<java.util.Map<java.lang.String, java.lang.Object>> org.springframework.boot.autoconfigure.web.servlet.error.BasicErrorController.error(javax.servlet.http.HttpServletRequest)
2018-10-25 18:31:14.418  INFO 14916 --- [           main] s.w.s.m.m.a.RequestMappingHandlerMapping : Mapped "{[/error],produces=[text/html]}" onto public org.springframework.web.servlet.ModelAndView org.springframework.boot.autoconfigure.web.servlet.error.BasicErrorController.errorHtml(javax.servlet.http.HttpServletRequest,javax.servlet.http.HttpServletResponse)
2018-10-25 18:31:14.476  INFO 14916 --- [           main] o.s.w.s.handler.SimpleUrlHandlerMapping  : Mapped URL path [/webjars/**] onto handler of type [class org.springframework.web.servlet.resource.ResourceHttpRequestHandler]
2018-10-25 18:31:14.484  INFO 14916 --- [           main] o.s.w.s.handler.SimpleUrlHandlerMapping  : Mapped URL path [/**] onto handler of type [class org.springframework.web.servlet.resource.ResourceHttpRequestHandler]
2018-10-25 18:31:14.989  INFO 14916 --- [           main] o.s.c.support.DefaultLifecycleProcessor  : Starting beans in phase 2147483647
2018-10-25 18:31:15.052  INFO 14916 --- [           main] o.s.b.w.embedded.tomcat.TomcatWebServer  : Tomcat started on port(s): 62373 (http) with context path ''
2018-10-25 18:31:15.061  INFO 14916 --- [           main] com.caodaxing.ApplicationTest            : Started ApplicationTest in 5.529 seconds (JVM running for 6.687)
2018-10-25 18:31:15.292  INFO 14916 --- [           main] o.s.a.r.c.CachingConnectionFactory       : Attempting to connect to: [172.16.12.250:5672]
2018-10-25 18:31:15.436  INFO 14916 --- [           main] o.s.a.r.c.CachingConnectionFactory       : Created new connection: rabbitConnectionFactory#4303b7f0:0/SimpleConnection@4096aa05 [delegate=amqp://guest@172.16.12.250:5672/, localPort= 62380]
2018-10-25 18:31:15.924  INFO 14916 --- [       Thread-3] ConfigServletWebServerApplicationContext : Closing org.springframework.boot.web.servlet.context.AnnotationConfigServletWebServerApplicationContext@3e08ff24: startup date [Thu Oct 25 18:31:10 CST 2018]; root of context hierarchy
2018-10-25 18:31:15.932  INFO 14916 --- [       Thread-3] o.s.c.support.DefaultLifecycleProcessor  : Stopping beans in phase 2147483647
2018-10-25 18:31:15.935  INFO 14916 --- [       Thread-3] o.s.c.support.DefaultLifecycleProcessor  : Stopping beans in phase 0
2018-10-25 18:34:47.285  INFO 3984 --- [           main] com.caodaxing.ApplicationTest            : Starting ApplicationTest on EDZ-20171124WCV with PID 3984 (started by Administrator in D:\mavenproject\rabbitmq-example\producer)
2018-10-25 18:34:47.289  INFO 3984 --- [           main] com.caodaxing.ApplicationTest            : No active profile set, falling back to default profiles: default
2018-10-25 18:34:47.309  INFO 3984 --- [           main] ConfigServletWebServerApplicationContext : Refreshing org.springframework.boot.web.servlet.context.AnnotationConfigServletWebServerApplicationContext@3e08ff24: startup date [Thu Oct 25 18:34:47 CST 2018]; root of context hierarchy
2018-10-25 18:34:48.934  INFO 3984 --- [           main] trationDelegate$BeanPostProcessorChecker : Bean 'org.springframework.amqp.rabbit.annotation.RabbitBootstrapConfiguration' of type [org.springframework.amqp.rabbit.annotation.RabbitBootstrapConfiguration$$EnhancerBySpringCGLIB$$98a64075] is not eligible for getting processed by all BeanPostProcessors (for example: not eligible for auto-proxying)
2018-10-25 18:34:49.980  INFO 3984 --- [           main] o.s.b.w.embedded.tomcat.TomcatWebServer  : Tomcat initialized with port(s): 0 (http)
2018-10-25 18:34:50.037  INFO 3984 --- [           main] o.apache.catalina.core.StandardService   : Starting service [Tomcat]
2018-10-25 18:34:50.038  INFO 3984 --- [           main] org.apache.catalina.core.StandardEngine  : Starting Servlet Engine: Apache Tomcat/8.5.34
2018-10-25 18:34:50.053  INFO 3984 --- [ost-startStop-1] o.a.catalina.core.AprLifecycleListener   : The APR based Apache Tomcat Native library which allows optimal performance in production environments was not found on the java.library.path: [C:\Program Files\Java\jdk1.8.0_131\bin;C:\WINDOWS\Sun\Java\bin;C:\WINDOWS\system32;C:\WINDOWS;C:/Program Files/Java/jre1.8.0_131/bin/server;C:/Program Files/Java/jre1.8.0_131/bin;C:/Program Files/Java/jre1.8.0_131/lib/amd64;D:\Python\Scripts\;D:\Python\;C:\ProgramData\Oracle\Java\javapath;C:\Program Files (x86)\Intel\iCLS Client\;C:\Program Files\Intel\iCLS Client\;C:\WINDOWS\system32;C:\WINDOWS;C:\WINDOWS\System32\Wbem;C:\WINDOWS\System32\WindowsPowerShell\v1.0\;C:\Program Files (x86)\Intel\Intel(R) Management Engine Components\DAL;C:\Program Files\Intel\Intel(R) Management Engine Components\DAL;C:\Program Files (x86)\Intel\Intel(R) Management Engine Components\IPT;C:\Program Files\Intel\Intel(R) Management Engine Components\IPT;C:\Program Files\Java\jdk1.7.0_67\bin;C:\Program Files\Java\jdk1.7.0_67\jre\bin;C:\Program Files\Git\cmd;C:\Program Files\TortoiseGit\bin;C:\Program Files\maven\apache-maven-3.3.9\bin;C:\Program Files\Java\groovy-2.4.14\bin;D:\node\;C:\WINDOWS\System32\OpenSSH\;D:\fiddler;C:\Users\Administrator\AppData\Roaming\npm;D:\visual\Microsoft VS Code\bin;C:\Users\Administrator\AppData\Local\Microsoft\WindowsApps;;D:\eclipse\eclipse;;.]
2018-10-25 18:34:50.299  INFO 3984 --- [ost-startStop-1] o.a.c.c.C.[Tomcat].[localhost].[/]       : Initializing Spring embedded WebApplicationContext
2018-10-25 18:34:50.299  INFO 3984 --- [ost-startStop-1] o.s.web.context.ContextLoader            : Root WebApplicationContext: initialization completed in 2990 ms
2018-10-25 18:34:50.401  INFO 3984 --- [ost-startStop-1] o.s.b.w.servlet.ServletRegistrationBean  : Servlet dispatcherServlet mapped to [/]
2018-10-25 18:34:50.416  INFO 3984 --- [ost-startStop-1] o.s.b.w.servlet.FilterRegistrationBean   : Mapping filter: 'characterEncodingFilter' to: [/*]
2018-10-25 18:34:50.419  INFO 3984 --- [ost-startStop-1] o.s.b.w.servlet.FilterRegistrationBean   : Mapping filter: 'hiddenHttpMethodFilter' to: [/*]
2018-10-25 18:34:50.421  INFO 3984 --- [ost-startStop-1] o.s.b.w.servlet.FilterRegistrationBean   : Mapping filter: 'httpPutFormContentFilter' to: [/*]
2018-10-25 18:34:50.422  INFO 3984 --- [ost-startStop-1] o.s.b.w.servlet.FilterRegistrationBean   : Mapping filter: 'requestContextFilter' to: [/*]
2018-10-25 18:34:50.887  INFO 3984 --- [           main] o.s.w.s.handler.SimpleUrlHandlerMapping  : Mapped URL path [/**/favicon.ico] onto handler of type [class org.springframework.web.servlet.resource.ResourceHttpRequestHandler]
2018-10-25 18:34:51.293  INFO 3984 --- [           main] s.w.s.m.m.a.RequestMappingHandlerAdapter : Looking for @ControllerAdvice: org.springframework.boot.web.servlet.context.AnnotationConfigServletWebServerApplicationContext@3e08ff24: startup date [Thu Oct 25 18:34:47 CST 2018]; root of context hierarchy
2018-10-25 18:34:51.444  INFO 3984 --- [           main] s.w.s.m.m.a.RequestMappingHandlerMapping : Mapped "{[/error]}" onto public org.springframework.http.ResponseEntity<java.util.Map<java.lang.String, java.lang.Object>> org.springframework.boot.autoconfigure.web.servlet.error.BasicErrorController.error(javax.servlet.http.HttpServletRequest)
2018-10-25 18:34:51.448  INFO 3984 --- [           main] s.w.s.m.m.a.RequestMappingHandlerMapping : Mapped "{[/error],produces=[text/html]}" onto public org.springframework.web.servlet.ModelAndView org.springframework.boot.autoconfigure.web.servlet.error.BasicErrorController.errorHtml(javax.servlet.http.HttpServletRequest,javax.servlet.http.HttpServletResponse)
2018-10-25 18:34:51.504  INFO 3984 --- [           main] o.s.w.s.handler.SimpleUrlHandlerMapping  : Mapped URL path [/webjars/**] onto handler of type [class org.springframework.web.servlet.resource.ResourceHttpRequestHandler]
2018-10-25 18:34:51.505  INFO 3984 --- [           main] o.s.w.s.handler.SimpleUrlHandlerMapping  : Mapped URL path [/**] onto handler of type [class org.springframework.web.servlet.resource.ResourceHttpRequestHandler]
2018-10-25 18:34:52.105  INFO 3984 --- [           main] o.s.c.support.DefaultLifecycleProcessor  : Starting beans in phase 2147483647
2018-10-25 18:34:52.191  INFO 3984 --- [           main] o.s.b.w.embedded.tomcat.TomcatWebServer  : Tomcat started on port(s): 64071 (http) with context path ''
2018-10-25 18:34:52.207  INFO 3984 --- [           main] com.caodaxing.ApplicationTest            : Started ApplicationTest in 5.655 seconds (JVM running for 6.883)
2018-10-25 18:34:52.527  INFO 3984 --- [           main] o.s.a.r.c.CachingConnectionFactory       : Attempting to connect to: [172.16.12.250:5672]
2018-10-25 18:34:52.646  INFO 3984 --- [           main] o.s.a.r.c.CachingConnectionFactory       : Created new connection: rabbitConnectionFactory#4303b7f0:0/SimpleConnection@4096aa05 [delegate=amqp://guest@172.16.12.250:5672/, localPort= 64089]
2018-10-25 18:34:52.768  INFO 3984 --- [       Thread-3] ConfigServletWebServerApplicationContext : Closing org.springframework.boot.web.servlet.context.AnnotationConfigServletWebServerApplicationContext@3e08ff24: startup date [Thu Oct 25 18:34:47 CST 2018]; root of context hierarchy
2018-10-25 18:34:52.774  INFO 3984 --- [       Thread-3] o.s.c.support.DefaultLifecycleProcessor  : Stopping beans in phase 2147483647
2018-10-25 18:34:52.776  INFO 3984 --- [       Thread-3] o.s.c.support.DefaultLifecycleProcessor  : Stopping beans in phase 0
